2020-09-08 00:00:01,732 INFO 108420 [egg-logrotator] app logger reload: got log-reload message
2020-09-08 04:30:01,187 INFO 108420 [-/127.0.0.1/-/1ms SCHEDULE /__schedule?path=D:\projects\egg.js_example\node_modules\egg-multipart\app\schedule\clean_tmpdir.js&type=worker&cron=0%2030%204%20*%20*%20*&immediate=false] [egg-multipart:CleanTmpdir] start clean tmpdir: "C:\\Users\\Kingsoft\\AppData\\Local\\Temp\\egg-multipart-tmp\\egg-example"
2020-09-08 04:30:01,190 INFO 108420 [-/127.0.0.1/-/4ms SCHEDULE /__schedule?path=D:\projects\egg.js_example\node_modules\egg-multipart\app\schedule\clean_tmpdir.js&type=worker&cron=0%2030%204%20*%20*%20*&immediate=false] [egg-multipart:CleanTmpdir] end
2020-09-08 10:41:45,343 INFO 20952 [egg:logger] init all loggers with options: {"dir":"D:\\projects\\egg.js_example\\logs\\egg-example","encoding":"utf8","env":"local","level":"INFO","consoleLevel":"INFO","disableConsoleAfterReady":false,"outputJSON":true,"buffer":true,"appLogName":"egg-example-web.log","coreLogName":"egg-web.log","agentLogName":"egg-agent.log","errorLogName":"common-error.log","coreLogger":{"consoleLevel":"WARN"},"allowDebugAtProd":false,"type":"application"}
2020-09-08 10:41:45,395 INFO 20952 [egg-multipart] stream mode enable
2020-09-08 10:41:45,397 INFO 20952 [egg-mysql] connecting root@localhost:3306/egg
2020-09-08 10:41:45,562 INFO 20952 [egg-redis] server connecting redis://:***@127.0.0.1:6379/0
2020-09-08 10:41:45,667 INFO 20952 [egg-static] starting static serve /public/ -> D:\projects\egg.js_example\app\public
2020-09-08 10:41:45,671 INFO 20952 [egg-security] use methodnoallow middleware
2020-09-08 10:41:45,672 INFO 20952 [egg-security] use noopen middleware
2020-09-08 10:41:45,673 INFO 20952 [egg-security] use nosniff middleware
2020-09-08 10:41:45,674 INFO 20952 [egg-security] use xssProtection middleware
2020-09-08 10:41:45,674 INFO 20952 [egg-security] use xframe middleware
2020-09-08 10:41:45,675 INFO 20952 [egg-security] use dta middleware
2020-09-08 10:41:45,675 INFO 20952 [egg-security] compose 6 middlewares into one security middleware
2020-09-08 10:41:45,691 INFO 20952 [egg:core] dump config after load, 6ms
2020-09-08 10:41:45,708 INFO 20952 [egg-redis] client connect success
2020-09-08 10:41:45,711 INFO 20952 [egg-redis] instance[0] status OK, client ready
2020-09-08 10:41:45,722 INFO 20952 [egg-watcher:application] watcher start success
2020-09-08 10:41:45,726 INFO 20952 [egg-mysql] instance[0] status OK, rds currentTime: Tue Sep 08 2020 10:41:45 GMT+0800 (GMT+08:00)
2020-09-08 10:41:45,739 INFO 20952 [egg:core] dump config after ready, 7ms
2020-09-08 10:41:45,837 INFO 82076 [egg:logger] init all loggers with options: {"dir":"D:\\projects\\egg.js_example\\logs\\egg-example","encoding":"utf8","env":"local","level":"INFO","consoleLevel":"INFO","disableConsoleAfterReady":false,"outputJSON":true,"buffer":true,"appLogName":"egg-example-web.log","coreLogName":"egg-web.log","agentLogName":"egg-agent.log","errorLogName":"common-error.log","coreLogger":{"consoleLevel":"WARN"},"allowDebugAtProd":false,"type":"application"}
2020-09-08 10:41:45,886 INFO 82076 [egg-multipart] stream mode enable
2020-09-08 10:41:45,888 INFO 82076 [egg-mysql] connecting root@localhost:3306/egg
2020-09-08 10:41:46,060 INFO 82076 [egg-redis] server connecting redis://:***@127.0.0.1:6379/0
2020-09-08 10:41:46,262 INFO 82076 [egg-static] starting static serve /public/ -> D:\projects\egg.js_example\app\public
2020-09-08 10:41:46,266 INFO 82076 [egg-security] use methodnoallow middleware
2020-09-08 10:41:46,268 INFO 82076 [egg-security] use noopen middleware
2020-09-08 10:41:46,269 INFO 82076 [egg-security] use nosniff middleware
2020-09-08 10:41:46,270 INFO 82076 [egg-security] use xssProtection middleware
2020-09-08 10:41:46,271 INFO 82076 [egg-security] use xframe middleware
2020-09-08 10:41:46,272 INFO 82076 [egg-security] use dta middleware
2020-09-08 10:41:46,272 INFO 82076 [egg-security] compose 6 middlewares into one security middleware
2020-09-08 10:41:46,324 INFO 82076 [egg:core] dump config after load, 6ms
2020-09-08 10:41:46,341 INFO 82076 [egg-redis] client connect success
2020-09-08 10:41:46,344 INFO 82076 [egg-redis] instance[0] status OK, client ready
2020-09-08 10:41:46,352 INFO 82076 [egg-watcher:application] watcher start success
2020-09-08 10:41:46,354 INFO 82076 [egg-mysql] instance[0] status OK, rds currentTime: Tue Sep 08 2020 10:41:46 GMT+0800 (GMT+08:00)
2020-09-08 10:41:46,363 INFO 82076 [egg:core] dump config after ready, 6ms
2020-09-08 10:42:45,280 INFO 31676 [egg:logger] init all loggers with options: {"dir":"D:\\projects\\egg.js_example\\logs\\egg-example","encoding":"utf8","env":"local","level":"INFO","consoleLevel":"INFO","disableConsoleAfterReady":false,"outputJSON":true,"buffer":true,"appLogName":"egg-example-web.log","coreLogName":"egg-web.log","agentLogName":"egg-agent.log","errorLogName":"common-error.log","coreLogger":{"consoleLevel":"WARN"},"allowDebugAtProd":false,"type":"application"}
2020-09-08 10:42:45,325 INFO 31676 [egg-multipart] stream mode enable
2020-09-08 10:42:45,327 INFO 31676 [egg-mysql] connecting root@localhost:3306/egg
2020-09-08 10:42:45,482 INFO 31676 [egg-redis] server connecting redis://:***@127.0.0.1:6379/0
2020-09-08 10:42:45,642 INFO 31676 [egg-static] starting static serve /public/ -> D:\projects\egg.js_example\app\public
2020-09-08 10:42:45,645 INFO 31676 [egg-security] use methodnoallow middleware
2020-09-08 10:42:45,646 INFO 31676 [egg-security] use noopen middleware
2020-09-08 10:42:45,648 INFO 31676 [egg-security] use nosniff middleware
2020-09-08 10:42:45,648 INFO 31676 [egg-security] use xssProtection middleware
2020-09-08 10:42:45,649 INFO 31676 [egg-security] use xframe middleware
2020-09-08 10:42:45,650 INFO 31676 [egg-security] use dta middleware
2020-09-08 10:42:45,650 INFO 31676 [egg-security] compose 6 middlewares into one security middleware
2020-09-08 10:42:45,693 INFO 31676 [egg:core] dump config after load, 5ms
2020-09-08 10:42:45,708 INFO 31676 [egg-redis] client connect success
2020-09-08 10:42:45,711 INFO 31676 [egg-redis] instance[0] status OK, client ready
2020-09-08 10:42:45,717 INFO 31676 [egg-mysql] instance[0] status OK, rds currentTime: Tue Sep 08 2020 10:42:45 GMT+0800 (GMT+08:00)
2020-09-08 10:42:45,719 INFO 31676 [egg-watcher:application] watcher start success
2020-09-08 10:42:45,727 INFO 31676 [egg:core] dump config after ready, 6ms
2020-09-08 10:43:31,681 INFO 68580 [egg:logger] init all loggers with options: {"dir":"D:\\projects\\egg.js_example\\logs\\egg-example","encoding":"utf8","env":"local","level":"INFO","consoleLevel":"INFO","disableConsoleAfterReady":false,"outputJSON":true,"buffer":true,"appLogName":"egg-example-web.log","coreLogName":"egg-web.log","agentLogName":"egg-agent.log","errorLogName":"common-error.log","coreLogger":{"consoleLevel":"WARN"},"allowDebugAtProd":false,"type":"application"}
2020-09-08 10:43:31,722 INFO 68580 [egg-multipart] stream mode enable
2020-09-08 10:43:31,724 INFO 68580 [egg-mysql] connecting root@localhost:3306/egg
2020-09-08 10:43:31,876 INFO 68580 [egg-redis] server connecting redis://:***@127.0.0.1:6379/0
2020-09-08 10:43:31,975 INFO 68580 [egg-static] starting static serve /public/ -> D:\projects\egg.js_example\app\public
2020-09-08 10:43:31,979 INFO 68580 [egg-security] use methodnoallow middleware
2020-09-08 10:43:31,980 INFO 68580 [egg-security] use noopen middleware
2020-09-08 10:43:31,981 INFO 68580 [egg-security] use nosniff middleware
2020-09-08 10:43:31,982 INFO 68580 [egg-security] use xssProtection middleware
2020-09-08 10:43:31,982 INFO 68580 [egg-security] use xframe middleware
2020-09-08 10:43:31,983 INFO 68580 [egg-security] use dta middleware
2020-09-08 10:43:31,983 INFO 68580 [egg-security] compose 6 middlewares into one security middleware
2020-09-08 10:43:31,999 INFO 68580 [egg:core] dump config after load, 8ms
2020-09-08 10:43:32,016 INFO 68580 [egg-redis] client connect success
2020-09-08 10:43:32,020 INFO 68580 [egg-redis] instance[0] status OK, client ready
2020-09-08 10:43:32,032 INFO 68580 [egg-watcher:application] watcher start success
2020-09-08 10:43:32,035 INFO 68580 [egg-mysql] instance[0] status OK, rds currentTime: Tue Sep 08 2020 10:43:32 GMT+0800 (GMT+08:00)
2020-09-08 10:43:32,049 INFO 68580 [egg:core] dump config after ready, 9ms
2020-09-08 10:43:32,133 INFO 17276 [egg:logger] init all loggers with options: {"dir":"D:\\projects\\egg.js_example\\logs\\egg-example","encoding":"utf8","env":"local","level":"INFO","consoleLevel":"INFO","disableConsoleAfterReady":false,"outputJSON":true,"buffer":true,"appLogName":"egg-example-web.log","coreLogName":"egg-web.log","agentLogName":"egg-agent.log","errorLogName":"common-error.log","coreLogger":{"consoleLevel":"WARN"},"allowDebugAtProd":false,"type":"application"}
2020-09-08 10:43:32,184 INFO 17276 [egg-multipart] stream mode enable
2020-09-08 10:43:32,186 INFO 17276 [egg-mysql] connecting root@localhost:3306/egg
2020-09-08 10:43:32,371 INFO 17276 [egg-redis] server connecting redis://:***@127.0.0.1:6379/0
2020-09-08 10:43:32,644 INFO 17276 [egg-static] starting static serve /public/ -> D:\projects\egg.js_example\app\public
2020-09-08 10:43:32,648 INFO 17276 [egg-security] use methodnoallow middleware
2020-09-08 10:43:32,650 INFO 17276 [egg-security] use noopen middleware
2020-09-08 10:43:32,654 INFO 17276 [egg-security] use nosniff middleware
2020-09-08 10:43:32,655 INFO 17276 [egg-security] use xssProtection middleware
2020-09-08 10:43:32,656 INFO 17276 [egg-security] use xframe middleware
2020-09-08 10:43:32,657 INFO 17276 [egg-security] use dta middleware
2020-09-08 10:43:32,657 INFO 17276 [egg-security] compose 6 middlewares into one security middleware
2020-09-08 10:43:32,749 INFO 17276 [egg:core] dump config after load, 11ms
2020-09-08 10:43:32,770 INFO 17276 [egg-redis] client connect success
2020-09-08 10:43:32,772 INFO 17276 [egg-redis] instance[0] status OK, client ready
2020-09-08 10:43:32,783 INFO 17276 [egg-watcher:application] watcher start success
2020-09-08 10:43:32,785 INFO 17276 [egg-mysql] instance[0] status OK, rds currentTime: Tue Sep 08 2020 10:43:32 GMT+0800 (GMT+08:00)
2020-09-08 10:43:32,799 INFO 17276 [egg:core] dump config after ready, 12ms
2020-09-08 10:45:01,736 INFO 61624 [egg:logger] init all loggers with options: {"dir":"D:\\projects\\egg.js_example\\logs\\egg-example","encoding":"utf8","env":"local","level":"INFO","consoleLevel":"INFO","disableConsoleAfterReady":false,"outputJSON":true,"buffer":true,"appLogName":"egg-example-web.log","coreLogName":"egg-web.log","agentLogName":"egg-agent.log","errorLogName":"common-error.log","coreLogger":{"consoleLevel":"WARN"},"allowDebugAtProd":false,"type":"application"}
2020-09-08 10:45:01,772 INFO 61624 [egg-multipart] stream mode enable
2020-09-08 10:45:01,774 INFO 61624 [egg-mysql] connecting root@localhost:3306/egg
2020-09-08 10:45:01,907 INFO 61624 [egg-redis] server connecting redis://:***@127.0.0.1:6379/0
2020-09-08 10:45:02,009 INFO 61624 [egg-static] starting static serve /public/ -> D:\projects\egg.js_example\app\public
2020-09-08 10:45:02,012 INFO 61624 [egg-security] use methodnoallow middleware
2020-09-08 10:45:02,013 INFO 61624 [egg-security] use noopen middleware
2020-09-08 10:45:02,014 INFO 61624 [egg-security] use nosniff middleware
2020-09-08 10:45:02,016 INFO 61624 [egg-security] use xssProtection middleware
2020-09-08 10:45:02,016 INFO 61624 [egg-security] use xframe middleware
2020-09-08 10:45:02,017 INFO 61624 [egg-security] use dta middleware
2020-09-08 10:45:02,017 INFO 61624 [egg-security] compose 6 middlewares into one security middleware
2020-09-08 10:45:02,033 INFO 61624 [egg:core] dump config after load, 7ms
2020-09-08 10:45:02,055 INFO 61624 [egg-redis] client connect success
2020-09-08 10:45:02,058 INFO 61624 [egg-redis] instance[0] status OK, client ready
2020-09-08 10:45:02,071 INFO 61624 [egg-watcher:application] watcher start success
2020-09-08 10:45:02,074 INFO 61624 [egg-mysql] instance[0] status OK, rds currentTime: Tue Sep 08 2020 10:45:02 GMT+0800 (GMT+08:00)
2020-09-08 10:45:02,095 INFO 61624 [egg:core] dump config after ready, 16ms
2020-09-08 10:45:02,237 INFO 71536 [egg:logger] init all loggers with options: {"dir":"D:\\projects\\egg.js_example\\logs\\egg-example","encoding":"utf8","env":"local","level":"INFO","consoleLevel":"INFO","disableConsoleAfterReady":false,"outputJSON":true,"buffer":true,"appLogName":"egg-example-web.log","coreLogName":"egg-web.log","agentLogName":"egg-agent.log","errorLogName":"common-error.log","coreLogger":{"consoleLevel":"WARN"},"allowDebugAtProd":false,"type":"application"}
2020-09-08 10:45:02,285 INFO 71536 [egg-multipart] stream mode enable
2020-09-08 10:45:02,287 INFO 71536 [egg-mysql] connecting root@localhost:3306/egg
2020-09-08 10:45:02,464 INFO 71536 [egg-redis] server connecting redis://:***@127.0.0.1:6379/0
2020-09-08 10:45:02,648 INFO 71536 [egg-static] starting static serve /public/ -> D:\projects\egg.js_example\app\public
2020-09-08 10:45:02,652 INFO 71536 [egg-security] use methodnoallow middleware
2020-09-08 10:45:02,653 INFO 71536 [egg-security] use noopen middleware
2020-09-08 10:45:02,655 INFO 71536 [egg-security] use nosniff middleware
2020-09-08 10:45:02,656 INFO 71536 [egg-security] use xssProtection middleware
2020-09-08 10:45:02,657 INFO 71536 [egg-security] use xframe middleware
2020-09-08 10:45:02,658 INFO 71536 [egg-security] use dta middleware
2020-09-08 10:45:02,658 INFO 71536 [egg-security] compose 6 middlewares into one security middleware
2020-09-08 10:45:02,705 INFO 71536 [egg:core] dump config after load, 6ms
2020-09-08 10:45:02,721 INFO 71536 [egg-redis] client connect success
2020-09-08 10:45:02,723 INFO 71536 [egg-redis] instance[0] status OK, client ready
2020-09-08 10:45:02,731 INFO 71536 [egg-watcher:application] watcher start success
2020-09-08 10:45:02,734 INFO 71536 [egg-mysql] instance[0] status OK, rds currentTime: Tue Sep 08 2020 10:45:02 GMT+0800 (GMT+08:00)
2020-09-08 10:45:02,742 INFO 71536 [egg:core] dump config after ready, 6ms
2020-09-08 10:45:32,786 INFO 92348 [egg:logger] init all loggers with options: {"dir":"D:\\projects\\egg.js_example\\logs\\egg-example","encoding":"utf8","env":"local","level":"INFO","consoleLevel":"INFO","disableConsoleAfterReady":false,"outputJSON":true,"buffer":true,"appLogName":"egg-example-web.log","coreLogName":"egg-web.log","agentLogName":"egg-agent.log","errorLogName":"common-error.log","coreLogger":{"consoleLevel":"WARN"},"allowDebugAtProd":false,"type":"application"}
2020-09-08 10:45:32,831 INFO 92348 [egg-multipart] stream mode enable
2020-09-08 10:45:32,833 INFO 92348 [egg-mysql] connecting root@localhost:3306/egg
2020-09-08 10:45:32,994 INFO 92348 [egg-redis] server connecting redis://:***@127.0.0.1:6379/0
2020-09-08 10:45:33,161 INFO 92348 [egg-static] starting static serve /public/ -> D:\projects\egg.js_example\app\public
2020-09-08 10:45:33,165 INFO 92348 [egg-security] use methodnoallow middleware
2020-09-08 10:45:33,166 INFO 92348 [egg-security] use noopen middleware
2020-09-08 10:45:33,168 INFO 92348 [egg-security] use nosniff middleware
2020-09-08 10:45:33,169 INFO 92348 [egg-security] use xssProtection middleware
2020-09-08 10:45:33,170 INFO 92348 [egg-security] use xframe middleware
2020-09-08 10:45:33,171 INFO 92348 [egg-security] use dta middleware
2020-09-08 10:45:33,171 INFO 92348 [egg-security] compose 6 middlewares into one security middleware
2020-09-08 10:45:33,214 INFO 92348 [egg:core] dump config after load, 5ms
2020-09-08 10:45:33,230 INFO 92348 [egg-redis] client connect success
2020-09-08 10:45:33,232 INFO 92348 [egg-redis] instance[0] status OK, client ready
2020-09-08 10:45:33,239 INFO 92348 [egg-mysql] instance[0] status OK, rds currentTime: Tue Sep 08 2020 10:45:33 GMT+0800 (GMT+08:00)
2020-09-08 10:45:33,241 INFO 92348 [egg-watcher:application] watcher start success
2020-09-08 10:45:33,250 INFO 92348 [egg:core] dump config after ready, 7ms
2020-09-08 10:47:04,576 INFO 99536 [egg:logger] init all loggers with options: {"dir":"D:\\projects\\egg.js_example\\logs\\egg-example","encoding":"utf8","env":"local","level":"INFO","consoleLevel":"INFO","disableConsoleAfterReady":false,"outputJSON":true,"buffer":true,"appLogName":"egg-example-web.log","coreLogName":"egg-web.log","agentLogName":"egg-agent.log","errorLogName":"common-error.log","coreLogger":{"consoleLevel":"WARN"},"allowDebugAtProd":false,"type":"application"}
2020-09-08 10:47:04,636 INFO 99536 [egg-multipart] stream mode enable
2020-09-08 10:47:04,638 INFO 99536 [egg-mysql] connecting root@localhost:3306/egg
2020-09-08 10:47:04,871 INFO 99536 [egg-redis] server connecting redis://:***@127.0.0.1:6379/0
2020-09-08 10:47:05,054 INFO 99536 [egg-static] starting static serve /public/ -> D:\projects\egg.js_example\app\public
2020-09-08 10:47:05,058 INFO 99536 [egg-security] use methodnoallow middleware
2020-09-08 10:47:05,058 INFO 99536 [egg-security] use noopen middleware
2020-09-08 10:47:05,060 INFO 99536 [egg-security] use nosniff middleware
2020-09-08 10:47:05,060 INFO 99536 [egg-security] use xssProtection middleware
2020-09-08 10:47:05,061 INFO 99536 [egg-security] use xframe middleware
2020-09-08 10:47:05,061 INFO 99536 [egg-security] use dta middleware
2020-09-08 10:47:05,062 INFO 99536 [egg-security] compose 6 middlewares into one security middleware
2020-09-08 10:47:05,079 INFO 99536 [egg:core] dump config after load, 7ms
2020-09-08 10:47:05,120 INFO 99536 [egg-redis] client connect success
2020-09-08 10:47:05,126 INFO 99536 [egg-redis] instance[0] status OK, client ready
2020-09-08 10:47:05,139 INFO 99536 [egg-watcher:application] watcher start success
2020-09-08 10:47:05,144 INFO 99536 [egg-mysql] instance[0] status OK, rds currentTime: Tue Sep 08 2020 10:47:05 GMT+0800 (GMT+08:00)
2020-09-08 10:47:05,160 INFO 99536 [egg:core] dump config after ready, 8ms
2020-09-08 10:47:05,199 INFO 97848 [egg:logger] init all loggers with options: {"dir":"D:\\projects\\egg.js_example\\logs\\egg-example","encoding":"utf8","env":"local","level":"INFO","consoleLevel":"INFO","disableConsoleAfterReady":false,"outputJSON":true,"buffer":true,"appLogName":"egg-example-web.log","coreLogName":"egg-web.log","agentLogName":"egg-agent.log","errorLogName":"common-error.log","coreLogger":{"consoleLevel":"WARN"},"allowDebugAtProd":false,"type":"application"}
2020-09-08 10:47:05,272 INFO 97848 [egg-multipart] stream mode enable
2020-09-08 10:47:05,273 INFO 97848 [egg-mysql] connecting root@localhost:3306/egg
2020-09-08 10:47:05,481 INFO 97848 [egg-redis] server connecting redis://:***@127.0.0.1:6379/0
2020-09-08 10:47:05,763 INFO 97848 [egg-static] starting static serve /public/ -> D:\projects\egg.js_example\app\public
2020-09-08 10:47:05,769 INFO 97848 [egg-security] use methodnoallow middleware
2020-09-08 10:47:05,771 INFO 97848 [egg-security] use noopen middleware
2020-09-08 10:47:05,773 INFO 97848 [egg-security] use nosniff middleware
2020-09-08 10:47:05,775 INFO 97848 [egg-security] use xssProtection middleware
2020-09-08 10:47:05,776 INFO 97848 [egg-security] use xframe middleware
2020-09-08 10:47:05,777 INFO 97848 [egg-security] use dta middleware
2020-09-08 10:47:05,777 INFO 97848 [egg-security] compose 6 middlewares into one security middleware
2020-09-08 10:47:05,855 INFO 97848 [egg:core] dump config after load, 15ms
2020-09-08 10:47:05,877 INFO 97848 [egg-redis] client connect success
2020-09-08 10:47:05,884 INFO 97848 [egg-redis] instance[0] status OK, client ready
2020-09-08 10:47:05,900 INFO 97848 [egg-watcher:application] watcher start success
2020-09-08 10:47:05,901 INFO 97848 [egg-mysql] instance[0] status OK, rds currentTime: Tue Sep 08 2020 10:47:05 GMT+0800 (GMT+08:00)
2020-09-08 10:47:05,913 INFO 97848 [egg:core] dump config after ready, 10ms
2020-09-08 10:47:06,845 INFO 96900 [egg:logger] init all loggers with options: {"dir":"D:\\projects\\egg.js_example\\logs\\egg-example","encoding":"utf8","env":"local","level":"INFO","consoleLevel":"INFO","disableConsoleAfterReady":false,"outputJSON":true,"buffer":true,"appLogName":"egg-example-web.log","coreLogName":"egg-web.log","agentLogName":"egg-agent.log","errorLogName":"common-error.log","coreLogger":{"consoleLevel":"WARN"},"allowDebugAtProd":false,"type":"application"}
2020-09-08 10:47:06,883 INFO 96900 [egg-multipart] stream mode enable
2020-09-08 10:47:06,884 INFO 96900 [egg-mysql] connecting root@localhost:3306/egg
2020-09-08 10:47:07,040 INFO 96900 [egg-redis] server connecting redis://:***@127.0.0.1:6379/0
2020-09-08 10:47:07,168 INFO 96900 [egg-static] starting static serve /public/ -> D:\projects\egg.js_example\app\public
2020-09-08 10:47:07,171 INFO 96900 [egg-security] use methodnoallow middleware
2020-09-08 10:47:07,172 INFO 96900 [egg-security] use noopen middleware
2020-09-08 10:47:07,174 INFO 96900 [egg-security] use nosniff middleware
2020-09-08 10:47:07,174 INFO 96900 [egg-security] use xssProtection middleware
2020-09-08 10:47:07,175 INFO 96900 [egg-security] use xframe middleware
2020-09-08 10:47:07,176 INFO 96900 [egg-security] use dta middleware
2020-09-08 10:47:07,176 INFO 96900 [egg-security] compose 6 middlewares into one security middleware
2020-09-08 10:47:07,191 INFO 96900 [egg:core] dump config after load, 7ms
2020-09-08 10:47:07,228 INFO 96900 [egg-redis] client connect success
2020-09-08 10:47:07,231 INFO 96900 [egg-redis] instance[0] status OK, client ready
2020-09-08 10:47:07,242 INFO 96900 [egg-watcher:application] watcher start success
2020-09-08 10:47:07,245 INFO 96900 [egg-mysql] instance[0] status OK, rds currentTime: Tue Sep 08 2020 10:47:07 GMT+0800 (GMT+08:00)
2020-09-08 10:47:07,259 INFO 96900 [egg:core] dump config after ready, 7ms
2020-09-08 10:47:07,908 INFO 196884 [egg:logger] init all loggers with options: {"dir":"D:\\projects\\egg.js_example\\logs\\egg-example","encoding":"utf8","env":"local","level":"INFO","consoleLevel":"INFO","disableConsoleAfterReady":false,"outputJSON":true,"buffer":true,"appLogName":"egg-example-web.log","coreLogName":"egg-web.log","agentLogName":"egg-agent.log","errorLogName":"common-error.log","coreLogger":{"consoleLevel":"WARN"},"allowDebugAtProd":false,"type":"application"}
2020-09-08 10:47:08,033 INFO 196884 [egg-multipart] stream mode enable
2020-09-08 10:47:08,035 INFO 196884 [egg-mysql] connecting root@localhost:3306/egg
2020-09-08 10:47:08,229 INFO 196884 [egg-redis] server connecting redis://:***@127.0.0.1:6379/0
2020-09-08 10:47:08,492 INFO 196884 [egg-static] starting static serve /public/ -> D:\projects\egg.js_example\app\public
2020-09-08 10:47:08,496 INFO 196884 [egg-security] use methodnoallow middleware
2020-09-08 10:47:08,498 INFO 196884 [egg-security] use noopen middleware
2020-09-08 10:47:08,500 INFO 196884 [egg-security] use nosniff middleware
2020-09-08 10:47:08,501 INFO 196884 [egg-security] use xssProtection middleware
2020-09-08 10:47:08,502 INFO 196884 [egg-security] use xframe middleware
2020-09-08 10:47:08,503 INFO 196884 [egg-security] use dta middleware
2020-09-08 10:47:08,503 INFO 196884 [egg-security] compose 6 middlewares into one security middleware
2020-09-08 10:47:08,583 INFO 196884 [egg:core] dump config after load, 16ms
2020-09-08 10:47:08,602 INFO 196884 [egg-redis] client connect success
2020-09-08 10:47:08,604 INFO 196884 [egg-redis] instance[0] status OK, client ready
2020-09-08 10:47:08,621 INFO 196884 [egg-watcher:application] watcher start success
2020-09-08 10:47:08,623 INFO 196884 [egg-mysql] instance[0] status OK, rds currentTime: Tue Sep 08 2020 10:47:08 GMT+0800 (GMT+08:00)
2020-09-08 10:47:08,640 INFO 196884 [egg:core] dump config after ready, 13ms
2020-09-08 10:47:09,866 INFO 154828 [egg:logger] init all loggers with options: {"dir":"D:\\projects\\egg.js_example\\logs\\egg-example","encoding":"utf8","env":"local","level":"INFO","consoleLevel":"INFO","disableConsoleAfterReady":false,"outputJSON":true,"buffer":true,"appLogName":"egg-example-web.log","coreLogName":"egg-web.log","agentLogName":"egg-agent.log","errorLogName":"common-error.log","coreLogger":{"consoleLevel":"WARN"},"allowDebugAtProd":false,"type":"application"}
2020-09-08 10:47:09,904 INFO 154828 [egg-multipart] stream mode enable
2020-09-08 10:47:09,905 INFO 154828 [egg-mysql] connecting root@localhost:3306/egg
2020-09-08 10:47:10,044 INFO 154828 [egg-redis] server connecting redis://:***@127.0.0.1:6379/0
2020-09-08 10:47:10,150 INFO 154828 [egg-static] starting static serve /public/ -> D:\projects\egg.js_example\app\public
2020-09-08 10:47:10,153 INFO 154828 [egg-security] use methodnoallow middleware
2020-09-08 10:47:10,154 INFO 154828 [egg-security] use noopen middleware
2020-09-08 10:47:10,155 INFO 154828 [egg-security] use nosniff middleware
2020-09-08 10:47:10,155 INFO 154828 [egg-security] use xssProtection middleware
2020-09-08 10:47:10,156 INFO 154828 [egg-security] use xframe middleware
2020-09-08 10:47:10,156 INFO 154828 [egg-security] use dta middleware
2020-09-08 10:47:10,156 INFO 154828 [egg-security] compose 6 middlewares into one security middleware
2020-09-08 10:47:10,173 INFO 154828 [egg:core] dump config after load, 7ms
2020-09-08 10:47:10,193 INFO 154828 [egg-redis] client connect success
2020-09-08 10:47:10,195 INFO 154828 [egg-redis] instance[0] status OK, client ready
2020-09-08 10:47:10,205 INFO 154828 [egg-watcher:application] watcher start success
2020-09-08 10:47:10,209 INFO 154828 [egg-mysql] instance[0] status OK, rds currentTime: Tue Sep 08 2020 10:47:10 GMT+0800 (GMT+08:00)
2020-09-08 10:47:10,221 INFO 154828 [egg:core] dump config after ready, 7ms
2020-09-08 10:47:30,018 INFO 170904 [egg:logger] init all loggers with options: {"dir":"D:\\projects\\egg.js_example\\logs\\egg-example","encoding":"utf8","env":"local","level":"INFO","consoleLevel":"INFO","disableConsoleAfterReady":false,"outputJSON":true,"buffer":true,"appLogName":"egg-example-web.log","coreLogName":"egg-web.log","agentLogName":"egg-agent.log","errorLogName":"common-error.log","coreLogger":{"consoleLevel":"WARN"},"allowDebugAtProd":false,"type":"application"}
2020-09-08 10:47:30,066 INFO 170904 [egg-multipart] stream mode enable
2020-09-08 10:47:30,068 INFO 170904 [egg-mysql] connecting root@localhost:3306/egg
2020-09-08 10:47:30,238 INFO 170904 [egg-redis] server connecting redis://:***@127.0.0.1:6379/0
2020-09-08 10:47:30,437 INFO 170904 [egg-static] starting static serve /public/ -> D:\projects\egg.js_example\app\public
2020-09-08 10:47:30,441 INFO 170904 [egg-security] use methodnoallow middleware
2020-09-08 10:47:30,442 INFO 170904 [egg-security] use noopen middleware
2020-09-08 10:47:30,444 INFO 170904 [egg-security] use nosniff middleware
2020-09-08 10:47:30,445 INFO 170904 [egg-security] use xssProtection middleware
2020-09-08 10:47:30,446 INFO 170904 [egg-security] use xframe middleware
2020-09-08 10:47:30,447 INFO 170904 [egg-security] use dta middleware
2020-09-08 10:47:30,447 INFO 170904 [egg-security] compose 6 middlewares into one security middleware
2020-09-08 10:47:30,489 INFO 170904 [egg:core] dump config after load, 6ms
2020-09-08 10:47:30,504 INFO 170904 [egg-redis] client connect success
2020-09-08 10:47:30,506 INFO 170904 [egg-redis] instance[0] status OK, client ready
2020-09-08 10:47:30,513 INFO 170904 [egg-mysql] instance[0] status OK, rds currentTime: Tue Sep 08 2020 10:47:30 GMT+0800 (GMT+08:00)
2020-09-08 10:47:30,515 INFO 170904 [egg-watcher:application] watcher start success
2020-09-08 10:47:30,524 INFO 170904 [egg:core] dump config after ready, 6ms
2020-09-08 10:48:12,606 INFO 33216 [egg:logger] init all loggers with options: {"dir":"D:\\projects\\egg.js_example\\logs\\egg-example","encoding":"utf8","env":"local","level":"INFO","consoleLevel":"INFO","disableConsoleAfterReady":false,"outputJSON":true,"buffer":true,"appLogName":"egg-example-web.log","coreLogName":"egg-web.log","agentLogName":"egg-agent.log","errorLogName":"common-error.log","coreLogger":{"consoleLevel":"WARN"},"allowDebugAtProd":false,"type":"application"}
2020-09-08 10:48:12,651 INFO 33216 [egg-multipart] stream mode enable
2020-09-08 10:48:12,653 INFO 33216 [egg-mysql] connecting root@localhost:3306/egg
2020-09-08 10:48:12,796 INFO 33216 [egg-redis] server connecting redis://:***@127.0.0.1:6379/0
2020-09-08 10:48:12,895 INFO 33216 [egg-static] starting static serve /public/ -> D:\projects\egg.js_example\app\public
2020-09-08 10:48:12,898 INFO 33216 [egg-security] use methodnoallow middleware
2020-09-08 10:48:12,899 INFO 33216 [egg-security] use noopen middleware
2020-09-08 10:48:12,900 INFO 33216 [egg-security] use nosniff middleware
2020-09-08 10:48:12,901 INFO 33216 [egg-security] use xssProtection middleware
2020-09-08 10:48:12,902 INFO 33216 [egg-security] use xframe middleware
2020-09-08 10:48:12,902 INFO 33216 [egg-security] use dta middleware
2020-09-08 10:48:12,902 INFO 33216 [egg-security] compose 6 middlewares into one security middleware
2020-09-08 10:48:12,918 INFO 33216 [egg:core] dump config after load, 6ms
2020-09-08 10:48:12,957 INFO 33216 [egg-redis] client connect success
2020-09-08 10:48:12,961 INFO 33216 [egg-redis] instance[0] status OK, client ready
2020-09-08 10:48:12,969 INFO 33216 [egg-watcher:application] watcher start success
2020-09-08 10:48:12,975 INFO 33216 [egg-mysql] instance[0] status OK, rds currentTime: Tue Sep 08 2020 10:48:12 GMT+0800 (GMT+08:00)
2020-09-08 10:48:12,998 INFO 33216 [egg:core] dump config after ready, 17ms
2020-09-08 10:48:13,232 INFO 162392 [egg:logger] init all loggers with options: {"dir":"D:\\projects\\egg.js_example\\logs\\egg-example","encoding":"utf8","env":"local","level":"INFO","consoleLevel":"INFO","disableConsoleAfterReady":false,"outputJSON":true,"buffer":true,"appLogName":"egg-example-web.log","coreLogName":"egg-web.log","agentLogName":"egg-agent.log","errorLogName":"common-error.log","coreLogger":{"consoleLevel":"WARN"},"allowDebugAtProd":false,"type":"application"}
2020-09-08 10:48:13,295 INFO 162392 [egg-multipart] stream mode enable
2020-09-08 10:48:13,297 INFO 162392 [egg-mysql] connecting root@localhost:3306/egg
2020-09-08 10:48:13,479 INFO 162392 [egg-redis] server connecting redis://:***@127.0.0.1:6379/0
2020-09-08 10:48:13,698 INFO 162392 [egg-static] starting static serve /public/ -> D:\projects\egg.js_example\app\public
2020-09-08 10:48:13,702 INFO 162392 [egg-security] use methodnoallow middleware
2020-09-08 10:48:13,703 INFO 162392 [egg-security] use noopen middleware
2020-09-08 10:48:13,705 INFO 162392 [egg-security] use nosniff middleware
2020-09-08 10:48:13,706 INFO 162392 [egg-security] use xssProtection middleware
2020-09-08 10:48:13,707 INFO 162392 [egg-security] use xframe middleware
2020-09-08 10:48:13,708 INFO 162392 [egg-security] use dta middleware
2020-09-08 10:48:13,708 INFO 162392 [egg-security] compose 6 middlewares into one security middleware
2020-09-08 10:48:13,753 INFO 162392 [egg:core] dump config after load, 5ms
2020-09-08 10:48:13,769 INFO 162392 [egg-redis] client connect success
2020-09-08 10:48:13,772 INFO 162392 [egg-redis] instance[0] status OK, client ready
2020-09-08 10:48:13,780 INFO 162392 [egg-watcher:application] watcher start success
2020-09-08 10:48:13,784 INFO 162392 [egg-mysql] instance[0] status OK, rds currentTime: Tue Sep 08 2020 10:48:13 GMT+0800 (GMT+08:00)
2020-09-08 10:48:13,795 INFO 162392 [egg:core] dump config after ready, 8ms
2020-09-08 10:50:24,109 INFO 135372 [egg:logger] init all loggers with options: {"dir":"D:\\projects\\egg.js_example\\logs\\egg-example","encoding":"utf8","env":"local","level":"INFO","consoleLevel":"INFO","disableConsoleAfterReady":false,"outputJSON":true,"buffer":true,"appLogName":"egg-example-web.log","coreLogName":"egg-web.log","agentLogName":"egg-agent.log","errorLogName":"common-error.log","coreLogger":{"consoleLevel":"WARN"},"allowDebugAtProd":false,"type":"application"}
2020-09-08 10:50:24,204 INFO 135372 [egg-multipart] stream mode enable
2020-09-08 10:50:24,206 INFO 135372 [egg-mysql] connecting root@localhost:3306/egg
2020-09-08 10:50:24,378 INFO 135372 [egg-redis] server connecting redis://:***@127.0.0.1:6379/0
2020-09-08 10:50:24,501 INFO 135372 [egg-static] starting static serve /public/ -> D:\projects\egg.js_example\app\public
2020-09-08 10:50:24,504 INFO 135372 [egg-security] use methodnoallow middleware
2020-09-08 10:50:24,505 INFO 135372 [egg-security] use noopen middleware
2020-09-08 10:50:24,507 INFO 135372 [egg-security] use nosniff middleware
2020-09-08 10:50:24,507 INFO 135372 [egg-security] use xssProtection middleware
2020-09-08 10:50:24,508 INFO 135372 [egg-security] use xframe middleware
2020-09-08 10:50:24,508 INFO 135372 [egg-security] use dta middleware
2020-09-08 10:50:24,509 INFO 135372 [egg-security] compose 6 middlewares into one security middleware
2020-09-08 10:50:24,526 INFO 135372 [egg:core] dump config after load, 7ms
2020-09-08 10:50:24,544 INFO 135372 [egg-redis] client connect success
2020-09-08 10:50:24,546 INFO 135372 [egg-redis] instance[0] status OK, client ready
2020-09-08 10:50:24,557 INFO 135372 [egg-watcher:application] watcher start success
2020-09-08 10:50:24,560 INFO 135372 [egg-mysql] instance[0] status OK, rds currentTime: Tue Sep 08 2020 10:50:24 GMT+0800 (GMT+08:00)
2020-09-08 10:50:24,575 INFO 135372 [egg:core] dump config after ready, 7ms
2020-09-08 10:50:26,892 WARN 162392 [TCPBase] socket is closed by other side while there were still unhandled data in the socket buffer
2020-09-08 10:50:26,904 WARN 162392 [ClusterClient:Watcher] follower closed, and try to init it again
2020-09-08 10:50:58,968 INFO 164456 [egg:logger] init all loggers with options: {"dir":"D:\\projects\\egg.js_example\\logs\\egg-example","encoding":"utf8","env":"local","level":"INFO","consoleLevel":"INFO","disableConsoleAfterReady":false,"outputJSON":true,"buffer":true,"appLogName":"egg-example-web.log","coreLogName":"egg-web.log","agentLogName":"egg-agent.log","errorLogName":"common-error.log","coreLogger":{"consoleLevel":"WARN"},"allowDebugAtProd":false,"type":"application"}
2020-09-08 10:50:59,016 INFO 164456 [egg-multipart] stream mode enable
2020-09-08 10:50:59,018 INFO 164456 [egg-mysql] connecting root@localhost:3306/egg
2020-09-08 10:50:59,154 INFO 164456 [egg-redis] server connecting redis://:***@127.0.0.1:6379/0
2020-09-08 10:50:59,244 INFO 164456 [egg-static] starting static serve /public/ -> D:\projects\egg.js_example\app\public
2020-09-08 10:50:59,247 INFO 164456 [egg-security] use methodnoallow middleware
2020-09-08 10:50:59,248 INFO 164456 [egg-security] use noopen middleware
2020-09-08 10:50:59,249 INFO 164456 [egg-security] use nosniff middleware
2020-09-08 10:50:59,250 INFO 164456 [egg-security] use xssProtection middleware
2020-09-08 10:50:59,250 INFO 164456 [egg-security] use xframe middleware
2020-09-08 10:50:59,251 INFO 164456 [egg-security] use dta middleware
2020-09-08 10:50:59,251 INFO 164456 [egg-security] compose 6 middlewares into one security middleware
2020-09-08 10:50:59,265 INFO 164456 [egg:core] dump config after load, 6ms
2020-09-08 10:50:59,287 INFO 164456 [egg-redis] client connect success
2020-09-08 10:50:59,289 INFO 164456 [egg-redis] instance[0] status OK, client ready
2020-09-08 10:50:59,299 INFO 164456 [egg-watcher:application] watcher start success
2020-09-08 10:50:59,302 INFO 164456 [egg-mysql] instance[0] status OK, rds currentTime: Tue Sep 08 2020 10:50:59 GMT+0800 (GMT+08:00)
2020-09-08 10:50:59,317 INFO 164456 [egg:core] dump config after ready, 7ms
2020-09-08 10:51:27,853 INFO 159320 [egg:logger] init all loggers with options: {"dir":"D:\\projects\\egg.js_example\\logs\\egg-example","encoding":"utf8","env":"local","level":"INFO","consoleLevel":"INFO","disableConsoleAfterReady":false,"outputJSON":true,"buffer":true,"appLogName":"egg-example-web.log","coreLogName":"egg-web.log","agentLogName":"egg-agent.log","errorLogName":"common-error.log","coreLogger":{"consoleLevel":"WARN"},"allowDebugAtProd":false,"type":"application"}
2020-09-08 10:51:27,891 INFO 159320 [egg-multipart] stream mode enable
2020-09-08 10:51:27,892 INFO 159320 [egg-mysql] connecting root@localhost:3306/egg
2020-09-08 10:51:28,023 INFO 159320 [egg-redis] server connecting redis://:***@127.0.0.1:6379/0
2020-09-08 10:51:28,113 INFO 159320 [egg-static] starting static serve /public/ -> D:\projects\egg.js_example\app\public
2020-09-08 10:51:28,117 INFO 159320 [egg-security] use methodnoallow middleware
2020-09-08 10:51:28,118 INFO 159320 [egg-security] use noopen middleware
2020-09-08 10:51:28,120 INFO 159320 [egg-security] use nosniff middleware
2020-09-08 10:51:28,120 INFO 159320 [egg-security] use xssProtection middleware
2020-09-08 10:51:28,121 INFO 159320 [egg-security] use xframe middleware
2020-09-08 10:51:28,121 INFO 159320 [egg-security] use dta middleware
2020-09-08 10:51:28,121 INFO 159320 [egg-security] compose 6 middlewares into one security middleware
2020-09-08 10:51:28,138 INFO 159320 [egg:core] dump config after load, 6ms
2020-09-08 10:51:28,157 INFO 159320 [egg-redis] client connect success
2020-09-08 10:51:28,160 INFO 159320 [egg-redis] instance[0] status OK, client ready
2020-09-08 10:51:28,168 INFO 159320 [egg-watcher:application] watcher start success
2020-09-08 10:51:28,171 INFO 159320 [egg-mysql] instance[0] status OK, rds currentTime: Tue Sep 08 2020 10:51:28 GMT+0800 (GMT+08:00)
2020-09-08 10:51:28,181 INFO 159320 [egg:core] dump config after ready, 7ms
2020-09-08 10:52:48,112 INFO 79520 [egg:logger] init all loggers with options: {"dir":"D:\\projects\\egg.js_example\\logs\\egg-example","encoding":"utf8","env":"local","level":"INFO","consoleLevel":"INFO","disableConsoleAfterReady":false,"outputJSON":true,"buffer":true,"appLogName":"egg-example-web.log","coreLogName":"egg-web.log","agentLogName":"egg-agent.log","errorLogName":"common-error.log","coreLogger":{"consoleLevel":"WARN"},"allowDebugAtProd":false,"type":"application"}
2020-09-08 10:52:48,151 INFO 79520 [egg-multipart] stream mode enable
2020-09-08 10:52:48,152 INFO 79520 [egg-mysql] connecting root@localhost:3306/egg
2020-09-08 10:52:48,277 INFO 79520 [egg-redis] server connecting redis://:***@127.0.0.1:6379/0
2020-09-08 10:52:48,362 INFO 79520 [egg-static] starting static serve /public/ -> D:\projects\egg.js_example\app\public
2020-09-08 10:52:48,365 INFO 79520 [egg-security] use methodnoallow middleware
2020-09-08 10:52:48,366 INFO 79520 [egg-security] use noopen middleware
2020-09-08 10:52:48,367 INFO 79520 [egg-security] use nosniff middleware
2020-09-08 10:52:48,368 INFO 79520 [egg-security] use xssProtection middleware
2020-09-08 10:52:48,369 INFO 79520 [egg-security] use xframe middleware
2020-09-08 10:52:48,369 INFO 79520 [egg-security] use dta middleware
2020-09-08 10:52:48,369 INFO 79520 [egg-security] compose 6 middlewares into one security middleware
2020-09-08 10:52:48,384 INFO 79520 [egg:core] dump config after load, 7ms
2020-09-08 10:52:48,404 INFO 79520 [egg-redis] client connect success
2020-09-08 10:52:48,407 INFO 79520 [egg-redis] instance[0] status OK, client ready
2020-09-08 10:52:48,416 INFO 79520 [egg-watcher:application] watcher start success
2020-09-08 10:52:48,420 INFO 79520 [egg-mysql] instance[0] status OK, rds currentTime: Tue Sep 08 2020 10:52:48 GMT+0800 (GMT+08:00)
2020-09-08 10:52:48,443 INFO 79520 [egg:core] dump config after ready, 18ms
2020-09-08 10:52:59,052 INFO 190592 [egg:logger] init all loggers with options: {"dir":"D:\\projects\\egg.js_example\\logs\\egg-example","encoding":"utf8","env":"local","level":"INFO","consoleLevel":"INFO","disableConsoleAfterReady":false,"outputJSON":true,"buffer":true,"appLogName":"egg-example-web.log","coreLogName":"egg-web.log","agentLogName":"egg-agent.log","errorLogName":"common-error.log","coreLogger":{"consoleLevel":"WARN"},"allowDebugAtProd":false,"type":"application"}
2020-09-08 10:52:59,093 INFO 190592 [egg-multipart] stream mode enable
2020-09-08 10:52:59,094 INFO 190592 [egg-mysql] connecting root@localhost:3306/egg
2020-09-08 10:52:59,223 INFO 190592 [egg-redis] server connecting redis://:***@127.0.0.1:6379/0
2020-09-08 10:52:59,310 INFO 190592 [egg-static] starting static serve /public/ -> D:\projects\egg.js_example\app\public
2020-09-08 10:52:59,313 INFO 190592 [egg-security] use methodnoallow middleware
2020-09-08 10:52:59,314 INFO 190592 [egg-security] use noopen middleware
2020-09-08 10:52:59,315 INFO 190592 [egg-security] use nosniff middleware
2020-09-08 10:52:59,316 INFO 190592 [egg-security] use xssProtection middleware
2020-09-08 10:52:59,317 INFO 190592 [egg-security] use xframe middleware
2020-09-08 10:52:59,317 INFO 190592 [egg-security] use dta middleware
2020-09-08 10:52:59,317 INFO 190592 [egg-security] compose 6 middlewares into one security middleware
2020-09-08 10:52:59,331 INFO 190592 [egg:core] dump config after load, 6ms
2020-09-08 10:52:59,351 INFO 190592 [egg-redis] client connect success
2020-09-08 10:52:59,354 INFO 190592 [egg-redis] instance[0] status OK, client ready
2020-09-08 10:52:59,363 INFO 190592 [egg-watcher:application] watcher start success
2020-09-08 10:52:59,365 INFO 190592 [egg-mysql] instance[0] status OK, rds currentTime: Tue Sep 08 2020 10:52:59 GMT+0800 (GMT+08:00)
2020-09-08 10:52:59,376 INFO 190592 [egg:core] dump config after ready, 6ms
2020-09-08 10:53:36,167 INFO 86860 [egg:logger] init all loggers with options: {"dir":"D:\\projects\\egg.js_example\\logs\\egg-example","encoding":"utf8","env":"local","level":"INFO","consoleLevel":"INFO","disableConsoleAfterReady":false,"outputJSON":true,"buffer":true,"appLogName":"egg-example-web.log","coreLogName":"egg-web.log","agentLogName":"egg-agent.log","errorLogName":"common-error.log","coreLogger":{"consoleLevel":"WARN"},"allowDebugAtProd":false,"type":"application"}
2020-09-08 10:53:36,218 INFO 86860 [egg-multipart] stream mode enable
2020-09-08 10:53:36,219 INFO 86860 [egg-mysql] connecting root@localhost:3306/egg
2020-09-08 10:53:36,343 INFO 86860 [egg-redis] server connecting redis://:***@127.0.0.1:6379/0
2020-09-08 10:53:36,423 INFO 86860 [egg-static] starting static serve /public/ -> D:\projects\egg.js_example\app\public
2020-09-08 10:53:36,426 INFO 86860 [egg-security] use methodnoallow middleware
2020-09-08 10:53:36,427 INFO 86860 [egg-security] use noopen middleware
2020-09-08 10:53:36,428 INFO 86860 [egg-security] use nosniff middleware
2020-09-08 10:53:36,429 INFO 86860 [egg-security] use xssProtection middleware
2020-09-08 10:53:36,429 INFO 86860 [egg-security] use xframe middleware
2020-09-08 10:53:36,430 INFO 86860 [egg-security] use dta middleware
2020-09-08 10:53:36,430 INFO 86860 [egg-security] compose 6 middlewares into one security middleware
2020-09-08 10:53:36,444 INFO 86860 [egg:core] dump config after load, 6ms
2020-09-08 10:53:36,463 INFO 86860 [egg-redis] client connect success
2020-09-08 10:53:36,466 INFO 86860 [egg-redis] instance[0] status OK, client ready
2020-09-08 10:53:36,475 INFO 86860 [egg-watcher:application] watcher start success
2020-09-08 10:53:36,479 INFO 86860 [egg-mysql] instance[0] status OK, rds currentTime: Tue Sep 08 2020 10:53:36 GMT+0800 (GMT+08:00)
2020-09-08 10:53:36,490 INFO 86860 [egg:core] dump config after ready, 7ms
2020-09-08 10:54:32,225 INFO 27620 [egg:logger] init all loggers with options: {"dir":"D:\\projects\\egg.js_example\\logs\\egg-example","encoding":"utf8","env":"local","level":"INFO","consoleLevel":"INFO","disableConsoleAfterReady":false,"outputJSON":true,"buffer":true,"appLogName":"egg-example-web.log","coreLogName":"egg-web.log","agentLogName":"egg-agent.log","errorLogName":"common-error.log","coreLogger":{"consoleLevel":"WARN"},"allowDebugAtProd":false,"type":"application"}
2020-09-08 10:54:32,260 INFO 27620 [egg-multipart] stream mode enable
2020-09-08 10:54:32,261 INFO 27620 [egg-mysql] connecting root@localhost:3306/egg
2020-09-08 10:54:32,384 INFO 27620 [egg-redis] server connecting redis://:***@127.0.0.1:6379/0
2020-09-08 10:54:32,468 INFO 27620 [egg-static] starting static serve /public/ -> D:\projects\egg.js_example\app\public
2020-09-08 10:54:32,471 INFO 27620 [egg-security] use methodnoallow middleware
2020-09-08 10:54:32,471 INFO 27620 [egg-security] use noopen middleware
2020-09-08 10:54:32,473 INFO 27620 [egg-security] use nosniff middleware
2020-09-08 10:54:32,473 INFO 27620 [egg-security] use xssProtection middleware
2020-09-08 10:54:32,474 INFO 27620 [egg-security] use xframe middleware
2020-09-08 10:54:32,474 INFO 27620 [egg-security] use dta middleware
2020-09-08 10:54:32,474 INFO 27620 [egg-security] compose 6 middlewares into one security middleware
2020-09-08 10:54:32,488 INFO 27620 [egg:core] dump config after load, 6ms
2020-09-08 10:54:32,509 INFO 27620 [egg-redis] client connect success
2020-09-08 10:54:32,512 INFO 27620 [egg-redis] instance[0] status OK, client ready
2020-09-08 10:54:32,520 INFO 27620 [egg-watcher:application] watcher start success
2020-09-08 10:54:32,525 INFO 27620 [egg-mysql] instance[0] status OK, rds currentTime: Tue Sep 08 2020 10:54:32 GMT+0800 (GMT+08:00)
2020-09-08 10:54:32,536 INFO 27620 [egg:core] dump config after ready, 6ms
2020-09-08 10:56:56,654 INFO 120084 [egg:logger] init all loggers with options: {"dir":"D:\\projects\\egg.js_example\\logs\\egg-example","encoding":"utf8","env":"local","level":"INFO","consoleLevel":"INFO","disableConsoleAfterReady":false,"outputJSON":true,"buffer":true,"appLogName":"egg-example-web.log","coreLogName":"egg-web.log","agentLogName":"egg-agent.log","errorLogName":"common-error.log","coreLogger":{"consoleLevel":"WARN"},"allowDebugAtProd":false,"type":"application"}
2020-09-08 10:56:56,696 INFO 120084 [egg-multipart] stream mode enable
2020-09-08 10:56:56,698 INFO 120084 [egg-mysql] connecting root@localhost:3306/egg
2020-09-08 10:56:56,831 INFO 120084 [egg-redis] server connecting redis://:***@127.0.0.1:6379/0
2020-09-08 10:56:56,924 INFO 120084 [egg-static] starting static serve /public/ -> D:\projects\egg.js_example\app\public
2020-09-08 10:56:56,927 INFO 120084 [egg-security] use methodnoallow middleware
2020-09-08 10:56:56,928 INFO 120084 [egg-security] use noopen middleware
2020-09-08 10:56:56,929 INFO 120084 [egg-security] use nosniff middleware
2020-09-08 10:56:56,930 INFO 120084 [egg-security] use xssProtection middleware
2020-09-08 10:56:56,930 INFO 120084 [egg-security] use xframe middleware
2020-09-08 10:56:56,931 INFO 120084 [egg-security] use dta middleware
2020-09-08 10:56:56,931 INFO 120084 [egg-security] compose 6 middlewares into one security middleware
2020-09-08 10:56:56,947 INFO 120084 [egg:core] dump config after load, 7ms
2020-09-08 10:56:56,969 INFO 120084 [egg-redis] client connect success
2020-09-08 10:56:56,971 INFO 120084 [egg-redis] instance[0] status OK, client ready
2020-09-08 10:56:56,981 INFO 120084 [egg-watcher:application] watcher start success
2020-09-08 10:56:56,984 INFO 120084 [egg-mysql] instance[0] status OK, rds currentTime: Tue Sep 08 2020 10:56:56 GMT+0800 (GMT+08:00)
2020-09-08 10:56:56,998 INFO 120084 [egg:core] dump config after ready, 10ms
2020-09-08 10:59:46,308 INFO 116472 [egg:logger] init all loggers with options: {"dir":"D:\\projects\\egg.js_example\\logs\\egg-example","encoding":"utf8","env":"local","level":"INFO","consoleLevel":"INFO","disableConsoleAfterReady":false,"outputJSON":true,"buffer":true,"appLogName":"egg-example-web.log","coreLogName":"egg-web.log","agentLogName":"egg-agent.log","errorLogName":"common-error.log","coreLogger":{"consoleLevel":"WARN"},"allowDebugAtProd":false,"type":"application"}
2020-09-08 10:59:46,345 INFO 116472 [egg-multipart] stream mode enable
2020-09-08 10:59:46,347 INFO 116472 [egg-mysql] connecting root@localhost:3306/egg
2020-09-08 10:59:46,477 INFO 116472 [egg-redis] server connecting redis://:***@127.0.0.1:6379/0
2020-09-08 10:59:46,567 INFO 116472 [egg-static] starting static serve /public/ -> D:\projects\egg.js_example\app\public
2020-09-08 10:59:46,570 INFO 116472 [egg-security] use methodnoallow middleware
2020-09-08 10:59:46,571 INFO 116472 [egg-security] use noopen middleware
2020-09-08 10:59:46,572 INFO 116472 [egg-security] use nosniff middleware
2020-09-08 10:59:46,573 INFO 116472 [egg-security] use xssProtection middleware
2020-09-08 10:59:46,574 INFO 116472 [egg-security] use xframe middleware
2020-09-08 10:59:46,574 INFO 116472 [egg-security] use dta middleware
2020-09-08 10:59:46,574 INFO 116472 [egg-security] compose 6 middlewares into one security middleware
2020-09-08 10:59:46,589 INFO 116472 [egg:core] dump config after load, 7ms
2020-09-08 10:59:46,609 INFO 116472 [egg-redis] client connect success
2020-09-08 10:59:46,612 INFO 116472 [egg-redis] instance[0] status OK, client ready
2020-09-08 10:59:46,620 INFO 116472 [egg-watcher:application] watcher start success
2020-09-08 10:59:46,624 INFO 116472 [egg-mysql] instance[0] status OK, rds currentTime: Tue Sep 08 2020 10:59:46 GMT+0800 (GMT+08:00)
2020-09-08 10:59:46,636 INFO 116472 [egg:core] dump config after ready, 8ms
2020-09-08 11:01:49,044 INFO 174932 [egg:logger] init all loggers with options: {"dir":"D:\\projects\\egg.js_example\\logs\\egg-example","encoding":"utf8","env":"local","level":"INFO","consoleLevel":"INFO","disableConsoleAfterReady":false,"outputJSON":true,"buffer":true,"appLogName":"egg-example-web.log","coreLogName":"egg-web.log","agentLogName":"egg-agent.log","errorLogName":"common-error.log","coreLogger":{"consoleLevel":"WARN"},"allowDebugAtProd":false,"type":"application"}
2020-09-08 11:01:49,081 INFO 174932 [egg-multipart] stream mode enable
2020-09-08 11:01:49,083 INFO 174932 [egg-mysql] connecting root@localhost:3306/egg
2020-09-08 11:01:49,267 INFO 174932 [egg-redis] server connecting redis://:***@127.0.0.1:6379/0
2020-09-08 11:01:49,438 INFO 174932 [egg-static] starting static serve /public/ -> D:\projects\egg.js_example\app\public
2020-09-08 11:01:49,443 INFO 174932 [egg-security] use methodnoallow middleware
2020-09-08 11:01:49,445 INFO 174932 [egg-security] use noopen middleware
2020-09-08 11:01:49,446 INFO 174932 [egg-security] use nosniff middleware
2020-09-08 11:01:49,447 INFO 174932 [egg-security] use xssProtection middleware
2020-09-08 11:01:49,448 INFO 174932 [egg-security] use xframe middleware
2020-09-08 11:01:49,448 INFO 174932 [egg-security] use dta middleware
2020-09-08 11:01:49,448 INFO 174932 [egg-security] compose 6 middlewares into one security middleware
2020-09-08 11:01:49,466 INFO 174932 [egg:core] dump config after load, 7ms
2020-09-08 11:01:49,490 INFO 174932 [egg-redis] client connect success
2020-09-08 11:01:49,494 INFO 174932 [egg-redis] instance[0] status OK, client ready
2020-09-08 11:01:49,502 INFO 174932 [egg-watcher:application] watcher start success
2020-09-08 11:01:49,507 INFO 174932 [egg-mysql] instance[0] status OK, rds currentTime: Tue Sep 08 2020 11:01:49 GMT+0800 (GMT+08:00)
2020-09-08 11:01:49,521 INFO 174932 [egg:core] dump config after ready, 8ms
2020-09-08 11:01:50,885 INFO 186728 [egg:logger] init all loggers with options: {"dir":"D:\\projects\\egg.js_example\\logs\\egg-example","encoding":"utf8","env":"local","level":"INFO","consoleLevel":"INFO","disableConsoleAfterReady":false,"outputJSON":true,"buffer":true,"appLogName":"egg-example-web.log","coreLogName":"egg-web.log","agentLogName":"egg-agent.log","errorLogName":"common-error.log","coreLogger":{"consoleLevel":"WARN"},"allowDebugAtProd":false,"type":"application"}
2020-09-08 11:01:50,923 INFO 186728 [egg-multipart] stream mode enable
2020-09-08 11:01:50,924 INFO 186728 [egg-mysql] connecting root@localhost:3306/egg
2020-09-08 11:01:51,066 INFO 186728 [egg-redis] server connecting redis://:***@127.0.0.1:6379/0
2020-09-08 11:01:51,161 INFO 186728 [egg-static] starting static serve /public/ -> D:\projects\egg.js_example\app\public
2020-09-08 11:01:51,165 INFO 186728 [egg-security] use methodnoallow middleware
2020-09-08 11:01:51,166 INFO 186728 [egg-security] use noopen middleware
2020-09-08 11:01:51,167 INFO 186728 [egg-security] use nosniff middleware
2020-09-08 11:01:51,167 INFO 186728 [egg-security] use xssProtection middleware
2020-09-08 11:01:51,168 INFO 186728 [egg-security] use xframe middleware
2020-09-08 11:01:51,168 INFO 186728 [egg-security] use dta middleware
2020-09-08 11:01:51,169 INFO 186728 [egg-security] compose 6 middlewares into one security middleware
2020-09-08 11:01:51,186 INFO 186728 [egg:core] dump config after load, 6ms
2020-09-08 11:01:51,219 INFO 186728 [egg-redis] client connect success
2020-09-08 11:01:51,222 INFO 186728 [egg-redis] instance[0] status OK, client ready
2020-09-08 11:01:51,233 INFO 186728 [egg-watcher:application] watcher start success
2020-09-08 11:01:51,237 INFO 186728 [egg-mysql] instance[0] status OK, rds currentTime: Tue Sep 08 2020 11:01:51 GMT+0800 (GMT+08:00)
2020-09-08 11:01:51,253 INFO 186728 [egg:core] dump config after ready, 7ms
2020-09-08 11:01:52,103 ERROR 162392 nodejs.ECONNABORTEDError: write ECONNABORTED (address: 127.0.0.1:54724)
    at afterWriteDispatched (internal/stream_base_commons.js:78:25)
    at writeGeneric (internal/stream_base_commons.js:73:3)
    at Socket._writeGeneric (net.js:713:5)
    at Socket._write (net.js:725:8)
    at doWrite (_stream_writable.js:415:12)
    at writeOrBuffer (_stream_writable.js:399:5)
    at Socket.Writable.write (_stream_writable.js:299:11)
    at Follower.sendHeartBeat (D:\projects\egg.js_example\node_modules\tcp-base\lib\base.js:105:18)
    at Timeout._heartbeatTimer.setInterval [as _onTimeout] (D:\projects\egg.js_example\node_modules\tcp-base\lib\base.js:437:12)
    at ontimeout (timers.js:436:11)
errno: "ECONNABORTED"
code: "ECONNABORTED"
syscall: "write"
name: "ECONNABORTEDError"
pid: 162392
hostname: KING-20190716EU

2020-09-08 11:01:52,104 WARN 162392 [ClusterClient:Watcher] follower closed, and try to init it again
2020-09-08 11:02:05,735 INFO 113716 [egg:logger] init all loggers with options: {"dir":"D:\\projects\\egg.js_example\\logs\\egg-example","encoding":"utf8","env":"local","level":"INFO","consoleLevel":"INFO","disableConsoleAfterReady":false,"outputJSON":true,"buffer":true,"appLogName":"egg-example-web.log","coreLogName":"egg-web.log","agentLogName":"egg-agent.log","errorLogName":"common-error.log","coreLogger":{"consoleLevel":"WARN"},"allowDebugAtProd":false,"type":"application"}
2020-09-08 11:02:05,814 INFO 113716 [egg-multipart] stream mode enable
2020-09-08 11:02:05,816 INFO 113716 [egg-mysql] connecting root@localhost:3306/egg
2020-09-08 11:02:06,032 INFO 113716 [egg-redis] server connecting redis://:***@127.0.0.1:6379/0
2020-09-08 11:02:06,178 INFO 113716 [egg-static] starting static serve /public/ -> D:\projects\egg.js_example\app\public
2020-09-08 11:02:06,182 INFO 113716 [egg-security] use methodnoallow middleware
2020-09-08 11:02:06,183 INFO 113716 [egg-security] use noopen middleware
2020-09-08 11:02:06,185 INFO 113716 [egg-security] use nosniff middleware
2020-09-08 11:02:06,185 INFO 113716 [egg-security] use xssProtection middleware
2020-09-08 11:02:06,186 INFO 113716 [egg-security] use xframe middleware
2020-09-08 11:02:06,187 INFO 113716 [egg-security] use dta middleware
2020-09-08 11:02:06,187 INFO 113716 [egg-security] compose 6 middlewares into one security middleware
2020-09-08 11:02:06,211 INFO 113716 [egg:core] dump config after load, 14ms
2020-09-08 11:02:06,246 INFO 113716 [egg-redis] client connect success
2020-09-08 11:02:06,249 INFO 113716 [egg-redis] instance[0] status OK, client ready
2020-09-08 11:02:06,266 INFO 113716 [egg-watcher:application] watcher start success
2020-09-08 11:02:06,273 INFO 113716 [egg-mysql] instance[0] status OK, rds currentTime: Tue Sep 08 2020 11:02:06 GMT+0800 (GMT+08:00)
2020-09-08 11:02:06,296 INFO 113716 [egg:core] dump config after ready, 13ms
2020-09-08 11:03:18,774 INFO 160336 [egg:logger] init all loggers with options: {"dir":"D:\\projects\\egg.js_example\\logs\\egg-example","encoding":"utf8","env":"local","level":"INFO","consoleLevel":"INFO","disableConsoleAfterReady":false,"outputJSON":true,"buffer":true,"appLogName":"egg-example-web.log","coreLogName":"egg-web.log","agentLogName":"egg-agent.log","errorLogName":"common-error.log","coreLogger":{"consoleLevel":"WARN"},"allowDebugAtProd":false,"type":"application"}
2020-09-08 11:03:18,817 INFO 160336 [egg-multipart] stream mode enable
2020-09-08 11:03:18,819 INFO 160336 [egg-mysql] connecting root@localhost:3306/egg
2020-09-08 11:03:18,964 INFO 160336 [egg-redis] server connecting redis://:***@127.0.0.1:6379/0
2020-09-08 11:03:19,061 INFO 160336 [egg-static] starting static serve /public/ -> D:\projects\egg.js_example\app\public
2020-09-08 11:03:19,064 INFO 160336 [egg-security] use methodnoallow middleware
2020-09-08 11:03:19,065 INFO 160336 [egg-security] use noopen middleware
2020-09-08 11:03:19,067 INFO 160336 [egg-security] use nosniff middleware
2020-09-08 11:03:19,067 INFO 160336 [egg-security] use xssProtection middleware
2020-09-08 11:03:19,068 INFO 160336 [egg-security] use xframe middleware
2020-09-08 11:03:19,068 INFO 160336 [egg-security] use dta middleware
2020-09-08 11:03:19,068 INFO 160336 [egg-security] compose 6 middlewares into one security middleware
2020-09-08 11:03:19,084 INFO 160336 [egg:core] dump config after load, 6ms
2020-09-08 11:03:19,110 INFO 160336 [egg-redis] client connect success
2020-09-08 11:03:19,112 INFO 160336 [egg-redis] instance[0] status OK, client ready
2020-09-08 11:03:19,123 INFO 160336 [egg-watcher:application] watcher start success
2020-09-08 11:03:19,127 INFO 160336 [egg-mysql] instance[0] status OK, rds currentTime: Tue Sep 08 2020 11:03:19 GMT+0800 (GMT+08:00)
2020-09-08 11:03:19,140 INFO 160336 [egg:core] dump config after ready, 7ms
2020-09-08 11:06:10,738 INFO 206784 [egg:logger] init all loggers with options: {"dir":"D:\\projects\\egg.js_example\\logs\\egg-example","encoding":"utf8","env":"local","level":"INFO","consoleLevel":"INFO","disableConsoleAfterReady":false,"outputJSON":true,"buffer":true,"appLogName":"egg-example-web.log","coreLogName":"egg-web.log","agentLogName":"egg-agent.log","errorLogName":"common-error.log","coreLogger":{"consoleLevel":"WARN"},"allowDebugAtProd":false,"type":"application"}
2020-09-08 11:06:10,776 INFO 206784 [egg-multipart] stream mode enable
2020-09-08 11:06:10,777 INFO 206784 [egg-mysql] connecting root@localhost:3306/egg
2020-09-08 11:06:10,903 INFO 206784 [egg-redis] server connecting redis://:***@127.0.0.1:6379/0
2020-09-08 11:06:10,986 INFO 206784 [egg-static] starting static serve /public/ -> D:\projects\egg.js_example\app\public
2020-09-08 11:06:10,989 INFO 206784 [egg-security] use methodnoallow middleware
2020-09-08 11:06:10,990 INFO 206784 [egg-security] use noopen middleware
2020-09-08 11:06:10,992 INFO 206784 [egg-security] use nosniff middleware
2020-09-08 11:06:10,992 INFO 206784 [egg-security] use xssProtection middleware
2020-09-08 11:06:10,993 INFO 206784 [egg-security] use xframe middleware
2020-09-08 11:06:10,993 INFO 206784 [egg-security] use dta middleware
2020-09-08 11:06:10,993 INFO 206784 [egg-security] compose 6 middlewares into one security middleware
2020-09-08 11:06:11,008 INFO 206784 [egg:core] dump config after load, 7ms
2020-09-08 11:06:11,028 INFO 206784 [egg-redis] client connect success
2020-09-08 11:06:11,031 INFO 206784 [egg-redis] instance[0] status OK, client ready
2020-09-08 11:06:11,040 INFO 206784 [egg-watcher:application] watcher start success
2020-09-08 11:06:11,043 INFO 206784 [egg-mysql] instance[0] status OK, rds currentTime: Tue Sep 08 2020 11:06:11 GMT+0800 (GMT+08:00)
2020-09-08 11:06:11,056 INFO 206784 [egg:core] dump config after ready, 7ms
2020-09-08 11:06:26,964 INFO 96592 [egg:logger] init all loggers with options: {"dir":"D:\\projects\\egg.js_example\\logs\\egg-example","encoding":"utf8","env":"local","level":"INFO","consoleLevel":"INFO","disableConsoleAfterReady":false,"outputJSON":true,"buffer":true,"appLogName":"egg-example-web.log","coreLogName":"egg-web.log","agentLogName":"egg-agent.log","errorLogName":"common-error.log","coreLogger":{"consoleLevel":"WARN"},"allowDebugAtProd":false,"type":"application"}
2020-09-08 11:06:26,999 INFO 96592 [egg-multipart] stream mode enable
2020-09-08 11:06:27,000 INFO 96592 [egg-mysql] connecting root@localhost:3306/egg
2020-09-08 11:06:27,128 INFO 96592 [egg-redis] server connecting redis://:***@127.0.0.1:6379/0
2020-09-08 11:06:27,217 INFO 96592 [egg-static] starting static serve /public/ -> D:\projects\egg.js_example\app\public
2020-09-08 11:06:27,220 INFO 96592 [egg-security] use methodnoallow middleware
2020-09-08 11:06:27,221 INFO 96592 [egg-security] use noopen middleware
2020-09-08 11:06:27,222 INFO 96592 [egg-security] use nosniff middleware
2020-09-08 11:06:27,223 INFO 96592 [egg-security] use xssProtection middleware
2020-09-08 11:06:27,223 INFO 96592 [egg-security] use xframe middleware
2020-09-08 11:06:27,224 INFO 96592 [egg-security] use dta middleware
2020-09-08 11:06:27,224 INFO 96592 [egg-security] compose 6 middlewares into one security middleware
2020-09-08 11:06:27,239 INFO 96592 [egg:core] dump config after load, 5ms
2020-09-08 11:06:27,260 INFO 96592 [egg-redis] client connect success
2020-09-08 11:06:27,262 INFO 96592 [egg-redis] instance[0] status OK, client ready
2020-09-08 11:06:27,272 INFO 96592 [egg-watcher:application] watcher start success
2020-09-08 11:06:27,275 INFO 96592 [egg-mysql] instance[0] status OK, rds currentTime: Tue Sep 08 2020 11:06:27 GMT+0800 (GMT+08:00)
2020-09-08 11:06:27,287 INFO 96592 [egg:core] dump config after ready, 7ms
2020-09-08 11:06:43,018 INFO 43984 [egg:logger] init all loggers with options: {"dir":"D:\\projects\\egg.js_example\\logs\\egg-example","encoding":"utf8","env":"local","level":"INFO","consoleLevel":"INFO","disableConsoleAfterReady":false,"outputJSON":true,"buffer":true,"appLogName":"egg-example-web.log","coreLogName":"egg-web.log","agentLogName":"egg-agent.log","errorLogName":"common-error.log","coreLogger":{"consoleLevel":"WARN"},"allowDebugAtProd":false,"type":"application"}
2020-09-08 11:06:43,084 INFO 43984 [egg-multipart] stream mode enable
2020-09-08 11:06:43,109 INFO 43984 [egg-mysql] connecting root@localhost:3306/egg
2020-09-08 11:06:43,298 INFO 43984 [egg-redis] server connecting redis://:***@127.0.0.1:6379/0
2020-09-08 11:06:43,395 INFO 43984 [egg-static] starting static serve /public/ -> D:\projects\egg.js_example\app\public
2020-09-08 11:06:43,400 INFO 43984 [egg-security] use methodnoallow middleware
2020-09-08 11:06:43,401 INFO 43984 [egg-security] use noopen middleware
2020-09-08 11:06:43,402 INFO 43984 [egg-security] use nosniff middleware
2020-09-08 11:06:43,403 INFO 43984 [egg-security] use xssProtection middleware
2020-09-08 11:06:43,403 INFO 43984 [egg-security] use xframe middleware
2020-09-08 11:06:43,404 INFO 43984 [egg-security] use dta middleware
2020-09-08 11:06:43,404 INFO 43984 [egg-security] compose 6 middlewares into one security middleware
2020-09-08 11:06:43,422 INFO 43984 [egg:core] dump config after load, 8ms
2020-09-08 11:06:43,452 INFO 43984 [egg-redis] client connect success
2020-09-08 11:06:43,455 INFO 43984 [egg-redis] instance[0] status OK, client ready
2020-09-08 11:06:43,467 INFO 43984 [egg-watcher:application] watcher start success
2020-09-08 11:06:43,469 INFO 43984 [egg-mysql] instance[0] status OK, rds currentTime: Tue Sep 08 2020 11:06:43 GMT+0800 (GMT+08:00)
2020-09-08 11:06:43,483 INFO 43984 [egg:core] dump config after ready, 7ms
2020-09-08 11:06:44,757 INFO 36640 [egg:logger] init all loggers with options: {"dir":"D:\\projects\\egg.js_example\\logs\\egg-example","encoding":"utf8","env":"local","level":"INFO","consoleLevel":"INFO","disableConsoleAfterReady":false,"outputJSON":true,"buffer":true,"appLogName":"egg-example-web.log","coreLogName":"egg-web.log","agentLogName":"egg-agent.log","errorLogName":"common-error.log","coreLogger":{"consoleLevel":"WARN"},"allowDebugAtProd":false,"type":"application"}
2020-09-08 11:06:44,794 INFO 36640 [egg-multipart] stream mode enable
2020-09-08 11:06:44,795 INFO 36640 [egg-mysql] connecting root@localhost:3306/egg
2020-09-08 11:06:44,928 INFO 36640 [egg-redis] server connecting redis://:***@127.0.0.1:6379/0
2020-09-08 11:06:45,020 INFO 36640 [egg-static] starting static serve /public/ -> D:\projects\egg.js_example\app\public
2020-09-08 11:06:45,023 INFO 36640 [egg-security] use methodnoallow middleware
2020-09-08 11:06:45,024 INFO 36640 [egg-security] use noopen middleware
2020-09-08 11:06:45,025 INFO 36640 [egg-security] use nosniff middleware
2020-09-08 11:06:45,026 INFO 36640 [egg-security] use xssProtection middleware
2020-09-08 11:06:45,026 INFO 36640 [egg-security] use xframe middleware
2020-09-08 11:06:45,027 INFO 36640 [egg-security] use dta middleware
2020-09-08 11:06:45,027 INFO 36640 [egg-security] compose 6 middlewares into one security middleware
2020-09-08 11:06:45,041 INFO 36640 [egg:core] dump config after load, 5ms
2020-09-08 11:06:45,062 INFO 36640 [egg-redis] client connect success
2020-09-08 11:06:45,065 INFO 36640 [egg-redis] instance[0] status OK, client ready
2020-09-08 11:06:45,074 INFO 36640 [egg-watcher:application] watcher start success
2020-09-08 11:06:45,077 INFO 36640 [egg-mysql] instance[0] status OK, rds currentTime: Tue Sep 08 2020 11:06:45 GMT+0800 (GMT+08:00)
2020-09-08 11:06:45,088 INFO 36640 [egg:core] dump config after ready, 8ms
2020-09-08 11:09:33,921 WARN 162392 [TCPBase] socket is closed by other side while there were still unhandled data in the socket buffer
2020-09-08 11:09:33,926 WARN 162392 [ClusterClient:Watcher] follower closed, and try to init it again
2020-09-08 11:09:33,921 INFO 117244 [egg:logger] init all loggers with options: {"dir":"D:\\projects\\egg.js_example\\logs\\egg-example","encoding":"utf8","env":"local","level":"INFO","consoleLevel":"INFO","disableConsoleAfterReady":false,"outputJSON":true,"buffer":true,"appLogName":"egg-example-web.log","coreLogName":"egg-web.log","agentLogName":"egg-agent.log","errorLogName":"common-error.log","coreLogger":{"consoleLevel":"WARN"},"allowDebugAtProd":false,"type":"application"}
2020-09-08 11:09:33,970 INFO 117244 [egg-multipart] stream mode enable
2020-09-08 11:09:33,971 INFO 117244 [egg-mysql] connecting root@localhost:3306/egg
2020-09-08 11:09:34,140 INFO 117244 [egg-redis] server connecting redis://:***@127.0.0.1:6379/0
2020-09-08 11:09:34,227 INFO 117244 [egg-static] starting static serve /public/ -> D:\projects\egg.js_example\app\public
2020-09-08 11:09:34,230 INFO 117244 [egg-security] use methodnoallow middleware
2020-09-08 11:09:34,231 INFO 117244 [egg-security] use noopen middleware
2020-09-08 11:09:34,232 INFO 117244 [egg-security] use nosniff middleware
2020-09-08 11:09:34,233 INFO 117244 [egg-security] use xssProtection middleware
2020-09-08 11:09:34,234 INFO 117244 [egg-security] use xframe middleware
2020-09-08 11:09:34,234 INFO 117244 [egg-security] use dta middleware
2020-09-08 11:09:34,234 INFO 117244 [egg-security] compose 6 middlewares into one security middleware
2020-09-08 11:09:34,249 INFO 117244 [egg:core] dump config after load, 7ms
2020-09-08 11:09:34,269 INFO 117244 [egg-redis] client connect success
2020-09-08 11:09:34,271 INFO 117244 [egg-redis] instance[0] status OK, client ready
2020-09-08 11:09:34,281 INFO 117244 [egg-watcher:application] watcher start success
2020-09-08 11:09:34,284 INFO 117244 [egg-mysql] instance[0] status OK, rds currentTime: Tue Sep 08 2020 11:09:34 GMT+0800 (GMT+08:00)
2020-09-08 11:09:34,298 INFO 117244 [egg:core] dump config after ready, 7ms
2020-09-08 11:11:04,340 INFO 68464 [egg:logger] init all loggers with options: {"dir":"D:\\projects\\egg.js_example\\logs\\egg-example","encoding":"utf8","env":"local","level":"INFO","consoleLevel":"INFO","disableConsoleAfterReady":false,"outputJSON":true,"buffer":true,"appLogName":"egg-example-web.log","coreLogName":"egg-web.log","agentLogName":"egg-agent.log","errorLogName":"common-error.log","coreLogger":{"consoleLevel":"WARN"},"allowDebugAtProd":false,"type":"application"}
2020-09-08 11:11:04,387 INFO 68464 [egg-multipart] stream mode enable
2020-09-08 11:11:04,388 INFO 68464 [egg-mysql] connecting root@localhost:3306/egg
2020-09-08 11:11:04,521 INFO 68464 [egg-redis] server connecting redis://:***@127.0.0.1:6379/0
2020-09-08 11:11:04,604 INFO 68464 [egg-static] starting static serve /public/ -> D:\projects\egg.js_example\app\public
2020-09-08 11:11:04,608 INFO 68464 [egg-security] use methodnoallow middleware
2020-09-08 11:11:04,609 INFO 68464 [egg-security] use noopen middleware
2020-09-08 11:11:04,610 INFO 68464 [egg-security] use nosniff middleware
2020-09-08 11:11:04,611 INFO 68464 [egg-security] use xssProtection middleware
2020-09-08 11:11:04,611 INFO 68464 [egg-security] use xframe middleware
2020-09-08 11:11:04,612 INFO 68464 [egg-security] use dta middleware
2020-09-08 11:11:04,612 INFO 68464 [egg-security] compose 6 middlewares into one security middleware
2020-09-08 11:11:04,628 INFO 68464 [egg:core] dump config after load, 8ms
2020-09-08 11:11:04,652 INFO 68464 [egg-redis] client connect success
2020-09-08 11:11:04,655 INFO 68464 [egg-redis] instance[0] status OK, client ready
2020-09-08 11:11:04,664 INFO 68464 [egg-watcher:application] watcher start success
2020-09-08 11:11:04,667 INFO 68464 [egg-mysql] instance[0] status OK, rds currentTime: Tue Sep 08 2020 11:11:04 GMT+0800 (GMT+08:00)
2020-09-08 11:11:04,680 INFO 68464 [egg:core] dump config after ready, 7ms
2020-09-08 11:12:31,917 INFO 100912 [egg:logger] init all loggers with options: {"dir":"D:\\projects\\egg.js_example\\logs\\egg-example","encoding":"utf8","env":"local","level":"INFO","consoleLevel":"INFO","disableConsoleAfterReady":false,"outputJSON":true,"buffer":true,"appLogName":"egg-example-web.log","coreLogName":"egg-web.log","agentLogName":"egg-agent.log","errorLogName":"common-error.log","coreLogger":{"consoleLevel":"WARN"},"allowDebugAtProd":false,"type":"application"}
2020-09-08 11:12:31,961 INFO 100912 [egg-multipart] stream mode enable
2020-09-08 11:12:31,962 INFO 100912 [egg-mysql] connecting root@localhost:3306/egg
2020-09-08 11:12:32,100 INFO 100912 [egg-redis] server connecting redis://:***@127.0.0.1:6379/0
2020-09-08 11:12:32,191 INFO 100912 [egg-static] starting static serve /public/ -> D:\projects\egg.js_example\app\public
2020-09-08 11:12:32,194 INFO 100912 [egg-security] use methodnoallow middleware
2020-09-08 11:12:32,194 INFO 100912 [egg-security] use noopen middleware
2020-09-08 11:12:32,196 INFO 100912 [egg-security] use nosniff middleware
2020-09-08 11:12:32,196 INFO 100912 [egg-security] use xssProtection middleware
2020-09-08 11:12:32,197 INFO 100912 [egg-security] use xframe middleware
2020-09-08 11:12:32,197 INFO 100912 [egg-security] use dta middleware
2020-09-08 11:12:32,197 INFO 100912 [egg-security] compose 6 middlewares into one security middleware
2020-09-08 11:12:32,213 INFO 100912 [egg:core] dump config after load, 6ms
2020-09-08 11:12:32,234 INFO 100912 [egg-redis] client connect success
2020-09-08 11:12:32,237 INFO 100912 [egg-redis] instance[0] status OK, client ready
2020-09-08 11:12:32,246 INFO 100912 [egg-watcher:application] watcher start success
2020-09-08 11:12:32,249 INFO 100912 [egg-mysql] instance[0] status OK, rds currentTime: Tue Sep 08 2020 11:12:32 GMT+0800 (GMT+08:00)
2020-09-08 11:12:32,262 INFO 100912 [egg:core] dump config after ready, 6ms
2020-09-08 11:12:50,592 INFO 164244 [egg:logger] init all loggers with options: {"dir":"D:\\projects\\egg.js_example\\logs\\egg-example","encoding":"utf8","env":"local","level":"INFO","consoleLevel":"INFO","disableConsoleAfterReady":false,"outputJSON":true,"buffer":true,"appLogName":"egg-example-web.log","coreLogName":"egg-web.log","agentLogName":"egg-agent.log","errorLogName":"common-error.log","coreLogger":{"consoleLevel":"WARN"},"allowDebugAtProd":false,"type":"application"}
2020-09-08 11:12:50,628 INFO 164244 [egg-multipart] stream mode enable
2020-09-08 11:12:50,629 INFO 164244 [egg-mysql] connecting root@localhost:3306/egg
2020-09-08 11:12:50,756 INFO 164244 [egg-redis] server connecting redis://:***@127.0.0.1:6379/0
2020-09-08 11:12:50,839 INFO 164244 [egg-static] starting static serve /public/ -> D:\projects\egg.js_example\app\public
2020-09-08 11:12:50,842 INFO 164244 [egg-security] use methodnoallow middleware
2020-09-08 11:12:50,843 INFO 164244 [egg-security] use noopen middleware
2020-09-08 11:12:50,844 INFO 164244 [egg-security] use nosniff middleware
2020-09-08 11:12:50,845 INFO 164244 [egg-security] use xssProtection middleware
2020-09-08 11:12:50,846 INFO 164244 [egg-security] use xframe middleware
2020-09-08 11:12:50,846 INFO 164244 [egg-security] use dta middleware
2020-09-08 11:12:50,846 INFO 164244 [egg-security] compose 6 middlewares into one security middleware
2020-09-08 11:12:50,860 INFO 164244 [egg:core] dump config after load, 6ms
2020-09-08 11:12:50,881 INFO 164244 [egg-redis] client connect success
2020-09-08 11:12:50,884 INFO 164244 [egg-redis] instance[0] status OK, client ready
2020-09-08 11:12:50,891 INFO 164244 [egg-watcher:application] watcher start success
2020-09-08 11:12:50,895 INFO 164244 [egg-mysql] instance[0] status OK, rds currentTime: Tue Sep 08 2020 11:12:50 GMT+0800 (GMT+08:00)
2020-09-08 11:12:50,907 INFO 164244 [egg:core] dump config after ready, 7ms
2020-09-08 11:15:39,884 INFO 153544 [egg:logger] init all loggers with options: {"dir":"D:\\projects\\egg.js_example\\logs\\egg-example","encoding":"utf8","env":"local","level":"INFO","consoleLevel":"INFO","disableConsoleAfterReady":false,"outputJSON":true,"buffer":true,"appLogName":"egg-example-web.log","coreLogName":"egg-web.log","agentLogName":"egg-agent.log","errorLogName":"common-error.log","coreLogger":{"consoleLevel":"WARN"},"allowDebugAtProd":false,"type":"application"}
2020-09-08 11:15:39,920 INFO 153544 [egg-multipart] stream mode enable
2020-09-08 11:15:39,921 INFO 153544 [egg-mysql] connecting root@localhost:3306/egg
2020-09-08 11:15:40,046 INFO 153544 [egg-redis] server connecting redis://:***@127.0.0.1:6379/0
2020-09-08 11:15:40,130 INFO 153544 [egg-static] starting static serve /public/ -> D:\projects\egg.js_example\app\public
2020-09-08 11:15:40,133 INFO 153544 [egg-security] use methodnoallow middleware
2020-09-08 11:15:40,133 INFO 153544 [egg-security] use noopen middleware
2020-09-08 11:15:40,135 INFO 153544 [egg-security] use nosniff middleware
2020-09-08 11:15:40,135 INFO 153544 [egg-security] use xssProtection middleware
2020-09-08 11:15:40,136 INFO 153544 [egg-security] use xframe middleware
2020-09-08 11:15:40,136 INFO 153544 [egg-security] use dta middleware
2020-09-08 11:15:40,136 INFO 153544 [egg-security] compose 6 middlewares into one security middleware
2020-09-08 11:15:40,150 INFO 153544 [egg:core] dump config after load, 6ms
2020-09-08 11:15:40,171 INFO 153544 [egg-redis] client connect success
2020-09-08 11:15:40,173 INFO 153544 [egg-redis] instance[0] status OK, client ready
2020-09-08 11:15:40,185 INFO 153544 [egg-watcher:application] watcher start success
2020-09-08 11:15:40,188 INFO 153544 [egg-mysql] instance[0] status OK, rds currentTime: Tue Sep 08 2020 11:15:40 GMT+0800 (GMT+08:00)
2020-09-08 11:15:40,203 INFO 153544 [egg:core] dump config after ready, 8ms
2020-09-08 11:17:44,391 INFO 69036 [egg:logger] init all loggers with options: {"dir":"D:\\projects\\egg.js_example\\logs\\egg-example","encoding":"utf8","env":"local","level":"INFO","consoleLevel":"INFO","disableConsoleAfterReady":false,"outputJSON":true,"buffer":true,"appLogName":"egg-example-web.log","coreLogName":"egg-web.log","agentLogName":"egg-agent.log","errorLogName":"common-error.log","coreLogger":{"consoleLevel":"WARN"},"allowDebugAtProd":false,"type":"application"}
2020-09-08 11:17:44,435 INFO 69036 [egg-multipart] stream mode enable
2020-09-08 11:17:44,438 INFO 69036 [egg-mysql] connecting root@localhost:3306/egg
2020-09-08 11:17:44,572 INFO 69036 [egg-redis] server connecting redis://:***@127.0.0.1:6379/0
2020-09-08 11:17:44,663 INFO 69036 [egg-static] starting static serve /public/ -> D:\projects\egg.js_example\app\public
2020-09-08 11:17:44,666 INFO 69036 [egg-security] use methodnoallow middleware
2020-09-08 11:17:44,668 INFO 69036 [egg-security] use noopen middleware
2020-09-08 11:17:44,669 INFO 69036 [egg-security] use nosniff middleware
2020-09-08 11:17:44,670 INFO 69036 [egg-security] use xssProtection middleware
2020-09-08 11:17:44,670 INFO 69036 [egg-security] use xframe middleware
2020-09-08 11:17:44,671 INFO 69036 [egg-security] use dta middleware
2020-09-08 11:17:44,671 INFO 69036 [egg-security] compose 6 middlewares into one security middleware
2020-09-08 11:17:44,687 INFO 69036 [egg:core] dump config after load, 7ms
2020-09-08 11:17:44,708 INFO 69036 [egg-redis] client connect success
2020-09-08 11:17:44,713 INFO 69036 [egg-redis] instance[0] status OK, client ready
2020-09-08 11:17:44,726 INFO 69036 [egg-watcher:application] watcher start success
2020-09-08 11:17:44,731 INFO 69036 [egg-mysql] instance[0] status OK, rds currentTime: Tue Sep 08 2020 11:17:44 GMT+0800 (GMT+08:00)
2020-09-08 11:17:44,745 INFO 69036 [egg:core] dump config after ready, 7ms
2020-09-08 11:18:48,625 INFO 131224 [egg:logger] init all loggers with options: {"dir":"D:\\projects\\egg.js_example\\logs\\egg-example","encoding":"utf8","env":"local","level":"INFO","consoleLevel":"INFO","disableConsoleAfterReady":false,"outputJSON":true,"buffer":true,"appLogName":"egg-example-web.log","coreLogName":"egg-web.log","agentLogName":"egg-agent.log","errorLogName":"common-error.log","coreLogger":{"consoleLevel":"WARN"},"allowDebugAtProd":false,"type":"application"}
2020-09-08 11:18:48,671 INFO 131224 [egg-multipart] stream mode enable
2020-09-08 11:18:48,672 INFO 131224 [egg-mysql] connecting root@localhost:3306/egg
2020-09-08 11:18:48,827 INFO 131224 [egg-redis] server connecting redis://:***@127.0.0.1:6379/0
2020-09-08 11:18:48,927 INFO 131224 [egg-static] starting static serve /public/ -> D:\projects\egg.js_example\app\public
2020-09-08 11:18:48,930 INFO 131224 [egg-security] use methodnoallow middleware
2020-09-08 11:18:48,931 INFO 131224 [egg-security] use noopen middleware
2020-09-08 11:18:48,933 INFO 131224 [egg-security] use nosniff middleware
2020-09-08 11:18:48,933 INFO 131224 [egg-security] use xssProtection middleware
2020-09-08 11:18:48,934 INFO 131224 [egg-security] use xframe middleware
2020-09-08 11:18:48,934 INFO 131224 [egg-security] use dta middleware
2020-09-08 11:18:48,934 INFO 131224 [egg-security] compose 6 middlewares into one security middleware
2020-09-08 11:18:48,950 INFO 131224 [egg:core] dump config after load, 6ms
2020-09-08 11:18:48,973 INFO 131224 [egg-redis] client connect success
2020-09-08 11:18:48,977 INFO 131224 [egg-redis] instance[0] status OK, client ready
2020-09-08 11:18:48,987 INFO 131224 [egg-watcher:application] watcher start success
2020-09-08 11:18:48,990 INFO 131224 [egg-mysql] instance[0] status OK, rds currentTime: Tue Sep 08 2020 11:18:48 GMT+0800 (GMT+08:00)
2020-09-08 11:18:49,003 INFO 131224 [egg:core] dump config after ready, 6ms
