2020-09-11 04:30:02,242 INFO 42952 [Timer] D:\projects\egg.js_example\node_modules\egg-multipart\app\schedule\clean_tmpdir.js next time will execute after 86397760ms at 2020-09-12 04:30:00.002
2020-09-11 04:30:02,241 INFO 95872 [Job#159976980224086015929235809004] D:\projects\egg.js_example\node_modules\egg-multipart\app\schedule\clean_tmpdir.js executing by app
2020-09-11 04:30:02,244 INFO 95872 [Job#159976980224086015929235809004] D:\projects\egg.js_example\node_modules\egg-multipart\app\schedule\clean_tmpdir.js execute succeed, used 3ms
2020-09-11 04:30:02,240 INFO 192676 [Job#159976980224086015929235691002] D:\projects\egg.js_example\node_modules\egg-multipart\app\schedule\clean_tmpdir.js executing by app
2020-09-11 04:30:02,244 INFO 192676 [Job#159976980224086015929235691002] D:\projects\egg.js_example\node_modules\egg-multipart\app\schedule\clean_tmpdir.js execute succeed, used 4ms
2020-09-11 04:30:02,242 INFO 191292 [Timer] D:\projects\egg.js_example\node_modules\egg-multipart\app\schedule\clean_tmpdir.js next time will execute after 86397760ms at 2020-09-12 04:30:00.002
2020-09-11 18:50:59,627 INFO 196000 [egg-schedule]: register schedule D:\projects\egg.js_example\node_modules\egg-multipart\app\schedule\clean_tmpdir.js
2020-09-11 18:50:59,627 INFO 196000 [egg-schedule]: register schedule D:\projects\egg.js_example\node_modules\egg-logrotator\app\schedule\clean_log.js
2020-09-11 18:50:59,627 INFO 196000 [egg-schedule]: register schedule D:\projects\egg.js_example\node_modules\egg-logrotator\app\schedule\rotate_by_file.js
2020-09-11 18:50:59,630 INFO 79184 [egg-schedule]: register schedule D:\projects\egg.js_example\node_modules\egg-multipart\app\schedule\clean_tmpdir.js
2020-09-11 18:50:59,630 INFO 79184 [egg-schedule]: register schedule D:\projects\egg.js_example\node_modules\egg-logrotator\app\schedule\clean_log.js
2020-09-11 18:50:59,630 INFO 79184 [egg-schedule]: register schedule D:\projects\egg.js_example\node_modules\egg-logrotator\app\schedule\rotate_by_file.js
2020-09-11 18:51:42,291 INFO 25536 [egg-schedule]: register schedule D:\projects\egg.js_example\node_modules\egg-multipart\app\schedule\clean_tmpdir.js
2020-09-11 18:51:42,291 INFO 25536 [egg-schedule]: register schedule D:\projects\egg.js_example\node_modules\egg-logrotator\app\schedule\clean_log.js
2020-09-11 18:51:42,291 INFO 25536 [egg-schedule]: register schedule D:\projects\egg.js_example\node_modules\egg-logrotator\app\schedule\rotate_by_file.js
2020-09-11 18:51:42,887 INFO 84756 [egg-schedule]: register schedule D:\projects\egg.js_example\node_modules\egg-multipart\app\schedule\clean_tmpdir.js
2020-09-11 18:51:42,887 INFO 84756 [egg-schedule]: register schedule D:\projects\egg.js_example\node_modules\egg-logrotator\app\schedule\clean_log.js
2020-09-11 18:51:42,887 INFO 84756 [egg-schedule]: register schedule D:\projects\egg.js_example\node_modules\egg-logrotator\app\schedule\rotate_by_file.js
2020-09-11 18:58:09,902 INFO 119356 [egg-schedule]: register schedule D:\projects\egg.js_example\node_modules\egg-multipart\app\schedule\clean_tmpdir.js
2020-09-11 18:58:09,902 INFO 119356 [egg-schedule]: register schedule D:\projects\egg.js_example\node_modules\egg-logrotator\app\schedule\clean_log.js
2020-09-11 18:58:09,902 INFO 119356 [egg-schedule]: register schedule D:\projects\egg.js_example\node_modules\egg-logrotator\app\schedule\rotate_by_file.js
2020-09-11 18:58:10,608 INFO 208360 [egg-schedule]: register schedule D:\projects\egg.js_example\node_modules\egg-multipart\app\schedule\clean_tmpdir.js
2020-09-11 18:58:10,608 INFO 208360 [egg-schedule]: register schedule D:\projects\egg.js_example\node_modules\egg-logrotator\app\schedule\clean_log.js
2020-09-11 18:58:10,608 INFO 208360 [egg-schedule]: register schedule D:\projects\egg.js_example\node_modules\egg-logrotator\app\schedule\rotate_by_file.js
2020-09-11 18:58:44,645 INFO 43596 [egg-schedule]: register schedule D:\projects\egg.js_example\node_modules\egg-multipart\app\schedule\clean_tmpdir.js
2020-09-11 18:58:44,646 INFO 43596 [egg-schedule]: register schedule D:\projects\egg.js_example\node_modules\egg-logrotator\app\schedule\clean_log.js
2020-09-11 18:58:44,646 INFO 43596 [egg-schedule]: register schedule D:\projects\egg.js_example\node_modules\egg-logrotator\app\schedule\rotate_by_file.js
2020-09-11 18:58:45,054 INFO 147632 [egg-schedule]: register schedule D:\projects\egg.js_example\node_modules\egg-multipart\app\schedule\clean_tmpdir.js
2020-09-11 18:58:45,054 INFO 147632 [egg-schedule]: register schedule D:\projects\egg.js_example\node_modules\egg-logrotator\app\schedule\clean_log.js
2020-09-11 18:58:45,054 INFO 147632 [egg-schedule]: register schedule D:\projects\egg.js_example\node_modules\egg-logrotator\app\schedule\rotate_by_file.js
2020-09-11 18:59:07,017 INFO 84056 [egg-schedule]: register schedule D:\projects\egg.js_example\node_modules\egg-multipart\app\schedule\clean_tmpdir.js
2020-09-11 18:59:07,017 INFO 84056 [egg-schedule]: register schedule D:\projects\egg.js_example\node_modules\egg-logrotator\app\schedule\clean_log.js
2020-09-11 18:59:07,017 INFO 84056 [egg-schedule]: register schedule D:\projects\egg.js_example\node_modules\egg-logrotator\app\schedule\rotate_by_file.js
2020-09-11 18:59:07,447 INFO 122952 [Timer] D:\projects\egg.js_example\node_modules\egg-multipart\app\schedule\clean_tmpdir.js next time will execute after 34252557ms at 2020-09-12 04:30:00.004
2020-09-11 18:59:07,448 INFO 122952 [Timer] D:\projects\egg.js_example\node_modules\egg-logrotator\app\schedule\clean_log.js next time will execute after 18052553ms at 2020-09-12 00:00:00.001
2020-09-11 18:59:07,448 INFO 122952 [Timer] D:\projects\egg.js_example\node_modules\egg-logrotator\app\schedule\rotate_by_file.js next time will execute after 18053552ms at 2020-09-12 00:00:01.000
2020-09-11 19:00:46,498 INFO 22828 [egg-schedule]: register schedule D:\projects\egg.js_example\node_modules\egg-multipart\app\schedule\clean_tmpdir.js
2020-09-11 19:00:46,498 INFO 22828 [egg-schedule]: register schedule D:\projects\egg.js_example\node_modules\egg-logrotator\app\schedule\clean_log.js
2020-09-11 19:00:46,498 INFO 22828 [egg-schedule]: register schedule D:\projects\egg.js_example\node_modules\egg-logrotator\app\schedule\rotate_by_file.js
2020-09-11 19:00:46,980 INFO 129840 [egg-schedule]: register schedule D:\projects\egg.js_example\node_modules\egg-multipart\app\schedule\clean_tmpdir.js
2020-09-11 19:00:46,981 INFO 129840 [egg-schedule]: register schedule D:\projects\egg.js_example\node_modules\egg-logrotator\app\schedule\clean_log.js
2020-09-11 19:00:46,981 INFO 129840 [egg-schedule]: register schedule D:\projects\egg.js_example\node_modules\egg-logrotator\app\schedule\rotate_by_file.js
2020-09-11 19:01:41,378 INFO 91080 [egg-schedule]: register schedule D:\projects\egg.js_example\node_modules\egg-multipart\app\schedule\clean_tmpdir.js
2020-09-11 19:01:41,378 INFO 91080 [egg-schedule]: register schedule D:\projects\egg.js_example\node_modules\egg-logrotator\app\schedule\clean_log.js
2020-09-11 19:01:41,378 INFO 91080 [egg-schedule]: register schedule D:\projects\egg.js_example\node_modules\egg-logrotator\app\schedule\rotate_by_file.js
2020-09-11 19:01:42,044 INFO 196560 [egg-schedule]: register schedule D:\projects\egg.js_example\node_modules\egg-multipart\app\schedule\clean_tmpdir.js
2020-09-11 19:01:42,044 INFO 196560 [egg-schedule]: register schedule D:\projects\egg.js_example\node_modules\egg-logrotator\app\schedule\clean_log.js
2020-09-11 19:01:42,044 INFO 196560 [egg-schedule]: register schedule D:\projects\egg.js_example\node_modules\egg-logrotator\app\schedule\rotate_by_file.js
2020-09-11 19:02:14,518 INFO 128064 [egg-schedule]: register schedule D:\projects\egg.js_example\node_modules\egg-multipart\app\schedule\clean_tmpdir.js
2020-09-11 19:02:14,518 INFO 128064 [egg-schedule]: register schedule D:\projects\egg.js_example\node_modules\egg-logrotator\app\schedule\clean_log.js
2020-09-11 19:02:14,518 INFO 128064 [egg-schedule]: register schedule D:\projects\egg.js_example\node_modules\egg-logrotator\app\schedule\rotate_by_file.js
2020-09-11 19:02:15,032 INFO 14352 [egg-schedule]: register schedule D:\projects\egg.js_example\node_modules\egg-multipart\app\schedule\clean_tmpdir.js
2020-09-11 19:02:15,032 INFO 14352 [egg-schedule]: register schedule D:\projects\egg.js_example\node_modules\egg-logrotator\app\schedule\clean_log.js
2020-09-11 19:02:15,033 INFO 14352 [egg-schedule]: register schedule D:\projects\egg.js_example\node_modules\egg-logrotator\app\schedule\rotate_by_file.js
2020-09-11 19:02:46,030 INFO 11648 [egg-schedule]: register schedule D:\projects\egg.js_example\node_modules\egg-multipart\app\schedule\clean_tmpdir.js
2020-09-11 19:02:46,030 INFO 11648 [egg-schedule]: register schedule D:\projects\egg.js_example\node_modules\egg-logrotator\app\schedule\clean_log.js
2020-09-11 19:02:46,030 INFO 11648 [egg-schedule]: register schedule D:\projects\egg.js_example\node_modules\egg-logrotator\app\schedule\rotate_by_file.js
2020-09-11 19:02:46,476 INFO 63680 [egg-schedule]: register schedule D:\projects\egg.js_example\node_modules\egg-multipart\app\schedule\clean_tmpdir.js
2020-09-11 19:02:46,476 INFO 63680 [egg-schedule]: register schedule D:\projects\egg.js_example\node_modules\egg-logrotator\app\schedule\clean_log.js
2020-09-11 19:02:46,476 INFO 63680 [egg-schedule]: register schedule D:\projects\egg.js_example\node_modules\egg-logrotator\app\schedule\rotate_by_file.js
2020-09-11 19:03:27,714 INFO 162716 [egg-schedule]: register schedule D:\projects\egg.js_example\node_modules\egg-multipart\app\schedule\clean_tmpdir.js
2020-09-11 19:03:27,714 INFO 162716 [egg-schedule]: register schedule D:\projects\egg.js_example\node_modules\egg-logrotator\app\schedule\clean_log.js
2020-09-11 19:03:27,714 INFO 162716 [egg-schedule]: register schedule D:\projects\egg.js_example\node_modules\egg-logrotator\app\schedule\rotate_by_file.js
2020-09-11 19:03:28,192 INFO 115384 [egg-schedule]: register schedule D:\projects\egg.js_example\node_modules\egg-multipart\app\schedule\clean_tmpdir.js
2020-09-11 19:03:28,192 INFO 115384 [egg-schedule]: register schedule D:\projects\egg.js_example\node_modules\egg-logrotator\app\schedule\clean_log.js
2020-09-11 19:03:28,192 INFO 115384 [egg-schedule]: register schedule D:\projects\egg.js_example\node_modules\egg-logrotator\app\schedule\rotate_by_file.js
2020-09-11 19:03:55,866 INFO 99820 [egg-schedule]: register schedule D:\projects\egg.js_example\node_modules\egg-multipart\app\schedule\clean_tmpdir.js
2020-09-11 19:03:55,866 INFO 99820 [egg-schedule]: register schedule D:\projects\egg.js_example\node_modules\egg-logrotator\app\schedule\clean_log.js
2020-09-11 19:03:55,866 INFO 99820 [egg-schedule]: register schedule D:\projects\egg.js_example\node_modules\egg-logrotator\app\schedule\rotate_by_file.js
2020-09-11 19:03:56,301 INFO 18616 [Timer] D:\projects\egg.js_example\node_modules\egg-multipart\app\schedule\clean_tmpdir.js next time will execute after 33963703ms at 2020-09-12 04:30:00.004
2020-09-11 19:03:56,302 INFO 18616 [Timer] D:\projects\egg.js_example\node_modules\egg-logrotator\app\schedule\clean_log.js next time will execute after 17763699ms at 2020-09-12 00:00:00.001
2020-09-11 19:03:56,302 INFO 18616 [Timer] D:\projects\egg.js_example\node_modules\egg-logrotator\app\schedule\rotate_by_file.js next time will execute after 17764698ms at 2020-09-12 00:00:01.000
2020-09-11 19:05:08,743 INFO 20172 [egg-schedule]: register schedule D:\projects\egg.js_example\node_modules\egg-multipart\app\schedule\clean_tmpdir.js
2020-09-11 19:05:08,743 INFO 20172 [egg-schedule]: register schedule D:\projects\egg.js_example\node_modules\egg-logrotator\app\schedule\clean_log.js
2020-09-11 19:05:08,743 INFO 20172 [egg-schedule]: register schedule D:\projects\egg.js_example\node_modules\egg-logrotator\app\schedule\rotate_by_file.js
2020-09-11 19:05:09,289 INFO 190492 [egg-schedule]: register schedule D:\projects\egg.js_example\node_modules\egg-multipart\app\schedule\clean_tmpdir.js
2020-09-11 19:05:09,289 INFO 190492 [egg-schedule]: register schedule D:\projects\egg.js_example\node_modules\egg-logrotator\app\schedule\clean_log.js
2020-09-11 19:05:09,289 INFO 190492 [egg-schedule]: register schedule D:\projects\egg.js_example\node_modules\egg-logrotator\app\schedule\rotate_by_file.js
2020-09-11 19:07:40,734 INFO 112780 [egg-schedule]: register schedule D:\projects\egg.js_example\node_modules\egg-multipart\app\schedule\clean_tmpdir.js
2020-09-11 19:07:40,734 INFO 112780 [egg-schedule]: register schedule D:\projects\egg.js_example\node_modules\egg-logrotator\app\schedule\clean_log.js
2020-09-11 19:07:40,734 INFO 112780 [egg-schedule]: register schedule D:\projects\egg.js_example\node_modules\egg-logrotator\app\schedule\rotate_by_file.js
2020-09-11 19:07:41,398 INFO 22832 [egg-schedule]: register schedule D:\projects\egg.js_example\node_modules\egg-multipart\app\schedule\clean_tmpdir.js
2020-09-11 19:07:41,398 INFO 22832 [egg-schedule]: register schedule D:\projects\egg.js_example\node_modules\egg-logrotator\app\schedule\clean_log.js
2020-09-11 19:07:41,398 INFO 22832 [egg-schedule]: register schedule D:\projects\egg.js_example\node_modules\egg-logrotator\app\schedule\rotate_by_file.js
2020-09-11 19:09:09,094 INFO 2832 [egg-schedule]: register schedule D:\projects\egg.js_example\node_modules\egg-multipart\app\schedule\clean_tmpdir.js
2020-09-11 19:09:09,094 INFO 2832 [egg-schedule]: register schedule D:\projects\egg.js_example\node_modules\egg-logrotator\app\schedule\clean_log.js
2020-09-11 19:09:09,094 INFO 2832 [egg-schedule]: register schedule D:\projects\egg.js_example\node_modules\egg-logrotator\app\schedule\rotate_by_file.js
2020-09-11 19:09:09,650 INFO 126244 [egg-schedule]: register schedule D:\projects\egg.js_example\node_modules\egg-multipart\app\schedule\clean_tmpdir.js
2020-09-11 19:09:09,650 INFO 126244 [egg-schedule]: register schedule D:\projects\egg.js_example\node_modules\egg-logrotator\app\schedule\clean_log.js
2020-09-11 19:09:09,650 INFO 126244 [egg-schedule]: register schedule D:\projects\egg.js_example\node_modules\egg-logrotator\app\schedule\rotate_by_file.js
2020-09-11 19:09:19,866 INFO 128444 [egg-schedule]: register schedule D:\projects\egg.js_example\node_modules\egg-multipart\app\schedule\clean_tmpdir.js
2020-09-11 19:09:19,866 INFO 128444 [egg-schedule]: register schedule D:\projects\egg.js_example\node_modules\egg-logrotator\app\schedule\clean_log.js
2020-09-11 19:09:19,866 INFO 128444 [egg-schedule]: register schedule D:\projects\egg.js_example\node_modules\egg-logrotator\app\schedule\rotate_by_file.js
2020-09-11 19:09:20,404 INFO 24264 [egg-schedule]: register schedule D:\projects\egg.js_example\node_modules\egg-multipart\app\schedule\clean_tmpdir.js
2020-09-11 19:09:20,404 INFO 24264 [egg-schedule]: register schedule D:\projects\egg.js_example\node_modules\egg-logrotator\app\schedule\clean_log.js
2020-09-11 19:09:20,404 INFO 24264 [egg-schedule]: register schedule D:\projects\egg.js_example\node_modules\egg-logrotator\app\schedule\rotate_by_file.js
2020-09-11 19:09:32,468 INFO 53008 [egg-schedule]: register schedule D:\projects\egg.js_example\node_modules\egg-multipart\app\schedule\clean_tmpdir.js
2020-09-11 19:09:32,468 INFO 53008 [egg-schedule]: register schedule D:\projects\egg.js_example\node_modules\egg-logrotator\app\schedule\clean_log.js
2020-09-11 19:09:32,468 INFO 53008 [egg-schedule]: register schedule D:\projects\egg.js_example\node_modules\egg-logrotator\app\schedule\rotate_by_file.js
2020-09-11 19:09:33,068 INFO 111680 [egg-schedule]: register schedule D:\projects\egg.js_example\node_modules\egg-multipart\app\schedule\clean_tmpdir.js
2020-09-11 19:09:33,068 INFO 111680 [egg-schedule]: register schedule D:\projects\egg.js_example\node_modules\egg-logrotator\app\schedule\clean_log.js
2020-09-11 19:09:33,068 INFO 111680 [egg-schedule]: register schedule D:\projects\egg.js_example\node_modules\egg-logrotator\app\schedule\rotate_by_file.js
2020-09-11 19:09:38,096 INFO 60204 [egg-schedule]: register schedule D:\projects\egg.js_example\node_modules\egg-multipart\app\schedule\clean_tmpdir.js
2020-09-11 19:09:38,096 INFO 60204 [egg-schedule]: register schedule D:\projects\egg.js_example\node_modules\egg-logrotator\app\schedule\clean_log.js
2020-09-11 19:09:38,096 INFO 60204 [egg-schedule]: register schedule D:\projects\egg.js_example\node_modules\egg-logrotator\app\schedule\rotate_by_file.js
2020-09-11 19:09:38,636 INFO 182520 [egg-schedule]: register schedule D:\projects\egg.js_example\node_modules\egg-multipart\app\schedule\clean_tmpdir.js
2020-09-11 19:09:38,637 INFO 182520 [egg-schedule]: register schedule D:\projects\egg.js_example\node_modules\egg-logrotator\app\schedule\clean_log.js
2020-09-11 19:09:38,637 INFO 182520 [egg-schedule]: register schedule D:\projects\egg.js_example\node_modules\egg-logrotator\app\schedule\rotate_by_file.js
2020-09-11 19:11:08,745 INFO 90160 [egg-schedule]: register schedule D:\projects\egg.js_example\node_modules\egg-multipart\app\schedule\clean_tmpdir.js
2020-09-11 19:11:08,745 INFO 90160 [egg-schedule]: register schedule D:\projects\egg.js_example\node_modules\egg-logrotator\app\schedule\clean_log.js
2020-09-11 19:11:08,745 INFO 90160 [egg-schedule]: register schedule D:\projects\egg.js_example\node_modules\egg-logrotator\app\schedule\rotate_by_file.js
2020-09-11 19:11:09,197 INFO 149592 [egg-schedule]: register schedule D:\projects\egg.js_example\node_modules\egg-multipart\app\schedule\clean_tmpdir.js
2020-09-11 19:11:09,197 INFO 149592 [egg-schedule]: register schedule D:\projects\egg.js_example\node_modules\egg-logrotator\app\schedule\clean_log.js
2020-09-11 19:11:09,197 INFO 149592 [egg-schedule]: register schedule D:\projects\egg.js_example\node_modules\egg-logrotator\app\schedule\rotate_by_file.js
2020-09-11 19:11:22,968 INFO 49812 [egg-schedule]: register schedule D:\projects\egg.js_example\node_modules\egg-multipart\app\schedule\clean_tmpdir.js
2020-09-11 19:11:22,969 INFO 49812 [egg-schedule]: register schedule D:\projects\egg.js_example\node_modules\egg-logrotator\app\schedule\clean_log.js
2020-09-11 19:11:22,969 INFO 49812 [egg-schedule]: register schedule D:\projects\egg.js_example\node_modules\egg-logrotator\app\schedule\rotate_by_file.js
2020-09-11 19:11:23,465 INFO 191192 [egg-schedule]: register schedule D:\projects\egg.js_example\node_modules\egg-multipart\app\schedule\clean_tmpdir.js
2020-09-11 19:11:23,465 INFO 191192 [egg-schedule]: register schedule D:\projects\egg.js_example\node_modules\egg-logrotator\app\schedule\clean_log.js
2020-09-11 19:11:23,465 INFO 191192 [egg-schedule]: register schedule D:\projects\egg.js_example\node_modules\egg-logrotator\app\schedule\rotate_by_file.js
2020-09-11 19:11:25,776 INFO 140260 [egg-schedule]: register schedule D:\projects\egg.js_example\node_modules\egg-multipart\app\schedule\clean_tmpdir.js
2020-09-11 19:11:25,776 INFO 140260 [egg-schedule]: register schedule D:\projects\egg.js_example\node_modules\egg-logrotator\app\schedule\clean_log.js
2020-09-11 19:11:25,776 INFO 140260 [egg-schedule]: register schedule D:\projects\egg.js_example\node_modules\egg-logrotator\app\schedule\rotate_by_file.js
2020-09-11 19:11:26,231 INFO 89144 [egg-schedule]: register schedule D:\projects\egg.js_example\node_modules\egg-multipart\app\schedule\clean_tmpdir.js
2020-09-11 19:11:26,231 INFO 89144 [egg-schedule]: register schedule D:\projects\egg.js_example\node_modules\egg-logrotator\app\schedule\clean_log.js
2020-09-11 19:11:26,231 INFO 89144 [egg-schedule]: register schedule D:\projects\egg.js_example\node_modules\egg-logrotator\app\schedule\rotate_by_file.js
2020-09-11 19:14:44,753 INFO 114360 [egg-schedule]: register schedule D:\projects\egg.js_example\node_modules\egg-multipart\app\schedule\clean_tmpdir.js
2020-09-11 19:14:44,753 INFO 114360 [egg-schedule]: register schedule D:\projects\egg.js_example\node_modules\egg-logrotator\app\schedule\clean_log.js
2020-09-11 19:14:44,753 INFO 114360 [egg-schedule]: register schedule D:\projects\egg.js_example\node_modules\egg-logrotator\app\schedule\rotate_by_file.js
2020-09-11 19:14:45,106 INFO 57824 [egg-schedule]: register schedule D:\projects\egg.js_example\node_modules\egg-multipart\app\schedule\clean_tmpdir.js
2020-09-11 19:14:45,106 INFO 57824 [egg-schedule]: register schedule D:\projects\egg.js_example\node_modules\egg-logrotator\app\schedule\clean_log.js
2020-09-11 19:14:45,106 INFO 57824 [egg-schedule]: register schedule D:\projects\egg.js_example\node_modules\egg-logrotator\app\schedule\rotate_by_file.js
2020-09-11 19:15:04,382 INFO 27896 [egg-schedule]: register schedule D:\projects\egg.js_example\node_modules\egg-multipart\app\schedule\clean_tmpdir.js
2020-09-11 19:15:04,382 INFO 27896 [egg-schedule]: register schedule D:\projects\egg.js_example\node_modules\egg-logrotator\app\schedule\clean_log.js
2020-09-11 19:15:04,382 INFO 27896 [egg-schedule]: register schedule D:\projects\egg.js_example\node_modules\egg-logrotator\app\schedule\rotate_by_file.js
2020-09-11 19:15:04,859 INFO 217040 [egg-schedule]: register schedule D:\projects\egg.js_example\node_modules\egg-multipart\app\schedule\clean_tmpdir.js
2020-09-11 19:15:04,859 INFO 217040 [egg-schedule]: register schedule D:\projects\egg.js_example\node_modules\egg-logrotator\app\schedule\clean_log.js
2020-09-11 19:15:04,859 INFO 217040 [egg-schedule]: register schedule D:\projects\egg.js_example\node_modules\egg-logrotator\app\schedule\rotate_by_file.js
2020-09-11 19:15:15,122 INFO 190436 [egg-schedule]: register schedule D:\projects\egg.js_example\node_modules\egg-multipart\app\schedule\clean_tmpdir.js
2020-09-11 19:15:15,123 INFO 190436 [egg-schedule]: register schedule D:\projects\egg.js_example\node_modules\egg-logrotator\app\schedule\clean_log.js
2020-09-11 19:15:15,123 INFO 190436 [egg-schedule]: register schedule D:\projects\egg.js_example\node_modules\egg-logrotator\app\schedule\rotate_by_file.js
2020-09-11 19:15:15,698 INFO 104052 [egg-schedule]: register schedule D:\projects\egg.js_example\node_modules\egg-multipart\app\schedule\clean_tmpdir.js
2020-09-11 19:15:15,698 INFO 104052 [egg-schedule]: register schedule D:\projects\egg.js_example\node_modules\egg-logrotator\app\schedule\clean_log.js
2020-09-11 19:15:15,698 INFO 104052 [egg-schedule]: register schedule D:\projects\egg.js_example\node_modules\egg-logrotator\app\schedule\rotate_by_file.js
2020-09-11 19:15:57,507 INFO 122876 [egg-schedule]: register schedule D:\projects\egg.js_example\node_modules\egg-multipart\app\schedule\clean_tmpdir.js
2020-09-11 19:15:57,508 INFO 122876 [egg-schedule]: register schedule D:\projects\egg.js_example\node_modules\egg-logrotator\app\schedule\clean_log.js
2020-09-11 19:15:57,508 INFO 122876 [egg-schedule]: register schedule D:\projects\egg.js_example\node_modules\egg-logrotator\app\schedule\rotate_by_file.js
2020-09-11 19:15:57,946 INFO 209220 [egg-schedule]: register schedule D:\projects\egg.js_example\node_modules\egg-multipart\app\schedule\clean_tmpdir.js
2020-09-11 19:15:57,946 INFO 209220 [egg-schedule]: register schedule D:\projects\egg.js_example\node_modules\egg-logrotator\app\schedule\clean_log.js
2020-09-11 19:15:57,946 INFO 209220 [egg-schedule]: register schedule D:\projects\egg.js_example\node_modules\egg-logrotator\app\schedule\rotate_by_file.js
2020-09-11 19:16:35,648 INFO 93776 [egg-schedule]: register schedule D:\projects\egg.js_example\node_modules\egg-multipart\app\schedule\clean_tmpdir.js
2020-09-11 19:16:35,648 INFO 93776 [egg-schedule]: register schedule D:\projects\egg.js_example\node_modules\egg-logrotator\app\schedule\clean_log.js
2020-09-11 19:16:35,648 INFO 93776 [egg-schedule]: register schedule D:\projects\egg.js_example\node_modules\egg-logrotator\app\schedule\rotate_by_file.js
2020-09-11 19:16:36,219 INFO 106308 [egg-schedule]: register schedule D:\projects\egg.js_example\node_modules\egg-multipart\app\schedule\clean_tmpdir.js
2020-09-11 19:16:36,219 INFO 106308 [egg-schedule]: register schedule D:\projects\egg.js_example\node_modules\egg-logrotator\app\schedule\clean_log.js
2020-09-11 19:16:36,220 INFO 106308 [egg-schedule]: register schedule D:\projects\egg.js_example\node_modules\egg-logrotator\app\schedule\rotate_by_file.js
2020-09-11 19:17:45,765 INFO 80636 [egg-schedule]: register schedule D:\projects\egg.js_example\node_modules\egg-multipart\app\schedule\clean_tmpdir.js
2020-09-11 19:17:45,765 INFO 80636 [egg-schedule]: register schedule D:\projects\egg.js_example\node_modules\egg-logrotator\app\schedule\clean_log.js
2020-09-11 19:17:45,765 INFO 80636 [egg-schedule]: register schedule D:\projects\egg.js_example\node_modules\egg-logrotator\app\schedule\rotate_by_file.js
2020-09-11 19:17:46,302 INFO 89936 [egg-schedule]: register schedule D:\projects\egg.js_example\node_modules\egg-multipart\app\schedule\clean_tmpdir.js
2020-09-11 19:17:46,302 INFO 89936 [egg-schedule]: register schedule D:\projects\egg.js_example\node_modules\egg-logrotator\app\schedule\clean_log.js
2020-09-11 19:17:46,302 INFO 89936 [egg-schedule]: register schedule D:\projects\egg.js_example\node_modules\egg-logrotator\app\schedule\rotate_by_file.js
2020-09-11 19:19:43,042 INFO 182320 [egg-schedule]: register schedule D:\projects\egg.js_example\node_modules\egg-multipart\app\schedule\clean_tmpdir.js
2020-09-11 19:19:43,042 INFO 182320 [egg-schedule]: register schedule D:\projects\egg.js_example\node_modules\egg-logrotator\app\schedule\clean_log.js
2020-09-11 19:19:43,042 INFO 182320 [egg-schedule]: register schedule D:\projects\egg.js_example\node_modules\egg-logrotator\app\schedule\rotate_by_file.js
2020-09-11 19:19:43,685 INFO 164024 [egg-schedule]: register schedule D:\projects\egg.js_example\node_modules\egg-multipart\app\schedule\clean_tmpdir.js
2020-09-11 19:19:43,685 INFO 164024 [egg-schedule]: register schedule D:\projects\egg.js_example\node_modules\egg-logrotator\app\schedule\clean_log.js
2020-09-11 19:19:43,685 INFO 164024 [egg-schedule]: register schedule D:\projects\egg.js_example\node_modules\egg-logrotator\app\schedule\rotate_by_file.js
2020-09-11 19:20:03,201 INFO 177540 [egg-schedule]: register schedule D:\projects\egg.js_example\node_modules\egg-multipart\app\schedule\clean_tmpdir.js
2020-09-11 19:20:03,201 INFO 177540 [egg-schedule]: register schedule D:\projects\egg.js_example\node_modules\egg-logrotator\app\schedule\clean_log.js
2020-09-11 19:20:03,201 INFO 177540 [egg-schedule]: register schedule D:\projects\egg.js_example\node_modules\egg-logrotator\app\schedule\rotate_by_file.js
2020-09-11 19:20:55,465 INFO 81696 [egg-schedule]: register schedule D:\projects\egg.js_example\node_modules\egg-multipart\app\schedule\clean_tmpdir.js
2020-09-11 19:20:55,465 INFO 81696 [egg-schedule]: register schedule D:\projects\egg.js_example\node_modules\egg-logrotator\app\schedule\clean_log.js
2020-09-11 19:20:55,465 INFO 81696 [egg-schedule]: register schedule D:\projects\egg.js_example\node_modules\egg-logrotator\app\schedule\rotate_by_file.js
2020-09-11 19:20:03,778 INFO 118988 [egg-schedule]: register schedule D:\projects\egg.js_example\node_modules\egg-multipart\app\schedule\clean_tmpdir.js
2020-09-11 19:20:03,778 INFO 118988 [egg-schedule]: register schedule D:\projects\egg.js_example\node_modules\egg-logrotator\app\schedule\clean_log.js
2020-09-11 19:20:03,778 INFO 118988 [egg-schedule]: register schedule D:\projects\egg.js_example\node_modules\egg-logrotator\app\schedule\rotate_by_file.js
2020-09-11 19:21:11,603 INFO 86824 [egg-schedule]: register schedule D:\projects\egg.js_example\node_modules\egg-multipart\app\schedule\clean_tmpdir.js
2020-09-11 19:21:11,603 INFO 86824 [egg-schedule]: register schedule D:\projects\egg.js_example\node_modules\egg-logrotator\app\schedule\clean_log.js
2020-09-11 19:21:11,603 INFO 86824 [egg-schedule]: register schedule D:\projects\egg.js_example\node_modules\egg-logrotator\app\schedule\rotate_by_file.js
2020-09-11 19:22:52,695 INFO 112584 [egg-schedule]: register schedule D:\projects\egg.js_example\node_modules\egg-multipart\app\schedule\clean_tmpdir.js
2020-09-11 19:22:52,695 INFO 112584 [egg-schedule]: register schedule D:\projects\egg.js_example\node_modules\egg-logrotator\app\schedule\clean_log.js
2020-09-11 19:22:52,695 INFO 112584 [egg-schedule]: register schedule D:\projects\egg.js_example\node_modules\egg-logrotator\app\schedule\rotate_by_file.js
2020-09-11 19:22:53,266 INFO 19716 [egg-schedule]: register schedule D:\projects\egg.js_example\node_modules\egg-multipart\app\schedule\clean_tmpdir.js
2020-09-11 19:22:53,267 INFO 19716 [egg-schedule]: register schedule D:\projects\egg.js_example\node_modules\egg-logrotator\app\schedule\clean_log.js
2020-09-11 19:22:53,267 INFO 19716 [egg-schedule]: register schedule D:\projects\egg.js_example\node_modules\egg-logrotator\app\schedule\rotate_by_file.js
2020-09-11 19:23:08,360 INFO 45304 [egg-schedule]: register schedule D:\projects\egg.js_example\node_modules\egg-multipart\app\schedule\clean_tmpdir.js
2020-09-11 19:23:08,360 INFO 45304 [egg-schedule]: register schedule D:\projects\egg.js_example\node_modules\egg-logrotator\app\schedule\clean_log.js
2020-09-11 19:23:08,360 INFO 45304 [egg-schedule]: register schedule D:\projects\egg.js_example\node_modules\egg-logrotator\app\schedule\rotate_by_file.js
2020-09-11 19:23:08,811 INFO 169380 [egg-schedule]: register schedule D:\projects\egg.js_example\node_modules\egg-multipart\app\schedule\clean_tmpdir.js
2020-09-11 19:23:08,811 INFO 169380 [egg-schedule]: register schedule D:\projects\egg.js_example\node_modules\egg-logrotator\app\schedule\clean_log.js
2020-09-11 19:23:08,811 INFO 169380 [egg-schedule]: register schedule D:\projects\egg.js_example\node_modules\egg-logrotator\app\schedule\rotate_by_file.js
2020-09-11 19:23:10,556 INFO 31144 [egg-schedule]: register schedule D:\projects\egg.js_example\node_modules\egg-multipart\app\schedule\clean_tmpdir.js
2020-09-11 19:23:10,556 INFO 31144 [egg-schedule]: register schedule D:\projects\egg.js_example\node_modules\egg-logrotator\app\schedule\clean_log.js
2020-09-11 19:23:10,556 INFO 31144 [egg-schedule]: register schedule D:\projects\egg.js_example\node_modules\egg-logrotator\app\schedule\rotate_by_file.js
2020-09-11 19:23:11,273 INFO 184480 [egg-schedule]: register schedule D:\projects\egg.js_example\node_modules\egg-multipart\app\schedule\clean_tmpdir.js
2020-09-11 19:23:11,273 INFO 184480 [egg-schedule]: register schedule D:\projects\egg.js_example\node_modules\egg-logrotator\app\schedule\clean_log.js
2020-09-11 19:23:11,273 INFO 184480 [egg-schedule]: register schedule D:\projects\egg.js_example\node_modules\egg-logrotator\app\schedule\rotate_by_file.js
2020-09-11 19:23:27,448 INFO 66512 [egg-schedule]: register schedule D:\projects\egg.js_example\node_modules\egg-multipart\app\schedule\clean_tmpdir.js
2020-09-11 19:23:27,448 INFO 66512 [egg-schedule]: register schedule D:\projects\egg.js_example\node_modules\egg-logrotator\app\schedule\clean_log.js
2020-09-11 19:23:27,448 INFO 66512 [egg-schedule]: register schedule D:\projects\egg.js_example\node_modules\egg-logrotator\app\schedule\rotate_by_file.js
2020-09-11 19:23:27,672 INFO 149584 [egg-schedule]: register schedule D:\projects\egg.js_example\node_modules\egg-multipart\app\schedule\clean_tmpdir.js
2020-09-11 19:23:27,673 INFO 149584 [egg-schedule]: register schedule D:\projects\egg.js_example\node_modules\egg-logrotator\app\schedule\clean_log.js
2020-09-11 19:23:27,673 INFO 149584 [egg-schedule]: register schedule D:\projects\egg.js_example\node_modules\egg-logrotator\app\schedule\rotate_by_file.js
2020-09-11 19:28:47,563 INFO 155508 [egg-schedule]: register schedule D:\projects\egg.js_example\node_modules\egg-multipart\app\schedule\clean_tmpdir.js
2020-09-11 19:28:47,563 INFO 155508 [egg-schedule]: register schedule D:\projects\egg.js_example\node_modules\egg-logrotator\app\schedule\clean_log.js
2020-09-11 19:28:47,563 INFO 155508 [egg-schedule]: register schedule D:\projects\egg.js_example\node_modules\egg-logrotator\app\schedule\rotate_by_file.js
2020-09-11 19:28:47,866 INFO 179620 [egg-schedule]: register schedule D:\projects\egg.js_example\node_modules\egg-multipart\app\schedule\clean_tmpdir.js
2020-09-11 19:28:47,866 INFO 179620 [egg-schedule]: register schedule D:\projects\egg.js_example\node_modules\egg-logrotator\app\schedule\clean_log.js
2020-09-11 19:28:47,866 INFO 179620 [egg-schedule]: register schedule D:\projects\egg.js_example\node_modules\egg-logrotator\app\schedule\rotate_by_file.js
2020-09-11 19:30:26,081 INFO 27196 [egg-schedule]: register schedule D:\projects\egg.js_example\node_modules\egg-multipart\app\schedule\clean_tmpdir.js
2020-09-11 19:30:26,081 INFO 27196 [egg-schedule]: register schedule D:\projects\egg.js_example\node_modules\egg-logrotator\app\schedule\clean_log.js
2020-09-11 19:30:26,081 INFO 27196 [egg-schedule]: register schedule D:\projects\egg.js_example\node_modules\egg-logrotator\app\schedule\rotate_by_file.js
2020-09-11 19:30:26,429 INFO 32412 [egg-schedule]: register schedule D:\projects\egg.js_example\node_modules\egg-multipart\app\schedule\clean_tmpdir.js
2020-09-11 19:30:26,429 INFO 32412 [egg-schedule]: register schedule D:\projects\egg.js_example\node_modules\egg-logrotator\app\schedule\clean_log.js
2020-09-11 19:30:26,429 INFO 32412 [egg-schedule]: register schedule D:\projects\egg.js_example\node_modules\egg-logrotator\app\schedule\rotate_by_file.js
2020-09-11 19:45:24,713 INFO 150084 [egg-schedule]: register schedule D:\projects\egg.js_example\node_modules\egg-multipart\app\schedule\clean_tmpdir.js
2020-09-11 19:45:24,713 INFO 150084 [egg-schedule]: register schedule D:\projects\egg.js_example\node_modules\egg-logrotator\app\schedule\clean_log.js
2020-09-11 19:45:24,713 INFO 150084 [egg-schedule]: register schedule D:\projects\egg.js_example\node_modules\egg-logrotator\app\schedule\rotate_by_file.js
2020-09-11 19:45:25,132 INFO 29604 [egg-schedule]: register schedule D:\projects\egg.js_example\node_modules\egg-multipart\app\schedule\clean_tmpdir.js
2020-09-11 19:45:25,133 INFO 29604 [egg-schedule]: register schedule D:\projects\egg.js_example\node_modules\egg-logrotator\app\schedule\clean_log.js
2020-09-11 19:45:25,133 INFO 29604 [egg-schedule]: register schedule D:\projects\egg.js_example\node_modules\egg-logrotator\app\schedule\rotate_by_file.js
